   0  $accept : programa $end

   1  programa : lista_definiciones FUNC MAIN '(' ')' '{' cuerpo '}'

   2  lista_definiciones :
   3                     | lista_definiciones definicion

   4  definicion : definicion_funcion
   5             | definicion_variable

   6  lista_expresiones :
   7                    | lista_expresionesP

   8  lista_expresionesP : expresion
   9                     | lista_expresionesP ',' expresion

  10  expresion : CTE_ENTERA
  11            | CTE_REAL
  12            | CTE_CARACTER
  13            | ID
  14            | '(' expresion ')'
  15            | expresion '.' ID
  16            | expresion '[' expresion ']'
  17            | '-' expresion
  18            | '!' expresion
  19            | expresion '*' expresion
  20            | expresion '/' expresion
  21            | expresion '%' expresion
  22            | expresion '+' expresion
  23            | expresion '-' expresion
  24            | expresion '>' expresion
  25            | expresion MAYOR_IGUAL expresion
  26            | expresion '<' expresion
  27            | expresion MENOR_IGUAL expresion
  28            | expresion DISTINTO expresion
  29            | expresion IGUAL_IGUAL expresion
  30            | expresion AND expresion
  31            | expresion OR expresion
  32            | tipo '(' expresion ')'
  33            | ID '(' lista_expresiones ')'

  34  lista_sentencias :
  35                   | lista_sentencias sentencia

  36  sentencia : sentencia_if
  37            | sentencia_while
  38            | sentencia_write
  39            | sentencia_read
  40            | sentencia_asignacion
  41            | sentencia_return
  42            | sentencia_invocacion
  43            | sentencia_modificarValor
  44            | sentencia_modificarValorConcreto

  45  sentencia_asignacion : expresion '=' expresion ';'

  46  sentencia_if : IF expresion '{' lista_sentencias '}'
  47               | IF expresion '{' lista_sentencias '}' ELSE '{' lista_sentencias '}'

  48  sentencia_while : WHILE expresion '{' lista_sentencias '}'

  49  sentencia_write : WRITE '(' lista_expresiones ')' ';'

  50  sentencia_read : READ '(' lista_expresiones ')' ';'

  51  sentencia_return : RETURN expresion ';'

  52  sentencia_invocacion : ID '(' lista_expresiones ')' ';'

  53  sentencia_modificarValor : expresion MAS_MAS ';'
  54                           | expresion MENOS_MENOS ';'

  55  sentencia_modificarValorConcreto : expresion MAS_IGUAL expresion ';'
  56                                   | expresion MENOS_IGUAL expresion ';'
  57                                   | expresion MUL_IGUAL expresion ';'
  58                                   | expresion DIV_IGUAL expresion ';'

  59  lista_variables :
  60                  | lista_variables definicion_variable

  61  definicion_variable : VAR identificadores tipo ';'

  62  identificadores : ID
  63                  | identificadores ',' ID

  64  campo : identificadores tipo ';'

  65  lista_campos : campo
  66               | lista_campos campo

  67  tipo : INT
  68       | FLOAT32
  69       | CHAR
  70       | '[' CTE_ENTERA ']' tipo
  71       | STRUCT '{' lista_campos '}'

  72  definicion_funcion : FUNC ID '(' lista_parametros ')' retorno '{' cuerpo '}'

  73  cuerpo : lista_variables lista_sentencias

  74  tipoSimple : INT
  75             | FLOAT32
  76             | CHAR

  77  retorno :
  78          | tipoSimple

  79  lista_parametros :
  80                   | lista_parametrosP

  81  lista_parametrosP : ID tipoSimple
  82                    | lista_parametrosP ',' ID tipoSimple

state 0
	$accept : . programa $end  (0)
	lista_definiciones : .  (2)

	.  reduce 2

	programa  goto 1
	lista_definiciones  goto 2


state 1
	$accept : programa . $end  (0)

	$end  accept


state 2
	programa : lista_definiciones . FUNC MAIN '(' ')' '{' cuerpo '}'  (1)
	lista_definiciones : lista_definiciones . definicion  (3)

	FUNC  shift 3
	VAR  shift 4
	.  error

	definicion  goto 5
	definicion_funcion  goto 6
	definicion_variable  goto 7


state 3
	programa : lista_definiciones FUNC . MAIN '(' ')' '{' cuerpo '}'  (1)
	definicion_funcion : FUNC . ID '(' lista_parametros ')' retorno '{' cuerpo '}'  (72)

	MAIN  shift 8
	ID  shift 9
	.  error


state 4
	definicion_variable : VAR . identificadores tipo ';'  (61)

	ID  shift 10
	.  error

	identificadores  goto 11


state 5
	lista_definiciones : lista_definiciones definicion .  (3)

	.  reduce 3


state 6
	definicion : definicion_funcion .  (4)

	.  reduce 4


state 7
	definicion : definicion_variable .  (5)

	.  reduce 5


state 8
	programa : lista_definiciones FUNC MAIN . '(' ')' '{' cuerpo '}'  (1)

	'('  shift 12
	.  error


state 9
	definicion_funcion : FUNC ID . '(' lista_parametros ')' retorno '{' cuerpo '}'  (72)

	'('  shift 13
	.  error


state 10
	identificadores : ID .  (62)

	.  reduce 62


state 11
	definicion_variable : VAR identificadores . tipo ';'  (61)
	identificadores : identificadores . ',' ID  (63)

	STRUCT  shift 14
	FLOAT32  shift 15
	INT  shift 16
	CHAR  shift 17
	'['  shift 18
	','  shift 19
	.  error

	tipo  goto 20


state 12
	programa : lista_definiciones FUNC MAIN '(' . ')' '{' cuerpo '}'  (1)

	')'  shift 21
	.  error


state 13
	definicion_funcion : FUNC ID '(' . lista_parametros ')' retorno '{' cuerpo '}'  (72)
	lista_parametros : .  (79)

	ID  shift 22
	')'  reduce 79

	lista_parametros  goto 23
	lista_parametrosP  goto 24


state 14
	tipo : STRUCT . '{' lista_campos '}'  (71)

	'{'  shift 25
	.  error


state 15
	tipo : FLOAT32 .  (68)

	.  reduce 68


state 16
	tipo : INT .  (67)

	.  reduce 67


state 17
	tipo : CHAR .  (69)

	.  reduce 69


state 18
	tipo : '[' . CTE_ENTERA ']' tipo  (70)

	CTE_ENTERA  shift 26
	.  error


state 19
	identificadores : identificadores ',' . ID  (63)

	ID  shift 27
	.  error


state 20
	definicion_variable : VAR identificadores tipo . ';'  (61)

	';'  shift 28
	.  error


state 21
	programa : lista_definiciones FUNC MAIN '(' ')' . '{' cuerpo '}'  (1)

	'{'  shift 29
	.  error


state 22
	lista_parametrosP : ID . tipoSimple  (81)

	FLOAT32  shift 30
	INT  shift 31
	CHAR  shift 32
	.  error

	tipoSimple  goto 33


state 23
	definicion_funcion : FUNC ID '(' lista_parametros . ')' retorno '{' cuerpo '}'  (72)

	')'  shift 34
	.  error


state 24
	lista_parametros : lista_parametrosP .  (80)
	lista_parametrosP : lista_parametrosP . ',' ID tipoSimple  (82)

	','  shift 35
	')'  reduce 80


state 25
	tipo : STRUCT '{' . lista_campos '}'  (71)

	ID  shift 10
	.  error

	identificadores  goto 36
	campo  goto 37
	lista_campos  goto 38


state 26
	tipo : '[' CTE_ENTERA . ']' tipo  (70)

	']'  shift 39
	.  error


state 27
	identificadores : identificadores ',' ID .  (63)

	.  reduce 63


state 28
	definicion_variable : VAR identificadores tipo ';' .  (61)

	.  reduce 61


state 29
	programa : lista_definiciones FUNC MAIN '(' ')' '{' . cuerpo '}'  (1)
	lista_variables : .  (59)

	.  reduce 59

	cuerpo  goto 40
	lista_variables  goto 41


state 30
	tipoSimple : FLOAT32 .  (75)

	.  reduce 75


state 31
	tipoSimple : INT .  (74)

	.  reduce 74


state 32
	tipoSimple : CHAR .  (76)

	.  reduce 76


state 33
	lista_parametrosP : ID tipoSimple .  (81)

	.  reduce 81


state 34
	definicion_funcion : FUNC ID '(' lista_parametros ')' . retorno '{' cuerpo '}'  (72)
	retorno : .  (77)

	FLOAT32  shift 30
	INT  shift 31
	CHAR  shift 32
	'{'  reduce 77

	retorno  goto 42
	tipoSimple  goto 43


state 35
	lista_parametrosP : lista_parametrosP ',' . ID tipoSimple  (82)

	ID  shift 44
	.  error


state 36
	identificadores : identificadores . ',' ID  (63)
	campo : identificadores . tipo ';'  (64)

	STRUCT  shift 14
	FLOAT32  shift 15
	INT  shift 16
	CHAR  shift 17
	'['  shift 18
	','  shift 19
	.  error

	tipo  goto 45


state 37
	lista_campos : campo .  (65)

	.  reduce 65


state 38
	lista_campos : lista_campos . campo  (66)
	tipo : STRUCT '{' lista_campos . '}'  (71)

	ID  shift 10
	'}'  shift 46
	.  error

	identificadores  goto 36
	campo  goto 47


state 39
	tipo : '[' CTE_ENTERA ']' . tipo  (70)

	STRUCT  shift 14
	FLOAT32  shift 15
	INT  shift 16
	CHAR  shift 17
	'['  shift 18
	.  error

	tipo  goto 48


state 40
	programa : lista_definiciones FUNC MAIN '(' ')' '{' cuerpo . '}'  (1)

	'}'  shift 49
	.  error


state 41
	lista_variables : lista_variables . definicion_variable  (60)
	cuerpo : lista_variables . lista_sentencias  (73)
	lista_sentencias : .  (34)

	VAR  shift 4
	CTE_ENTERA  reduce 34
	IF  reduce 34
	CTE_CARACTER  reduce 34
	ID  reduce 34
	WRITE  reduce 34
	CTE_REAL  reduce 34
	STRUCT  reduce 34
	WHILE  reduce 34
	FLOAT32  reduce 34
	INT  reduce 34
	RETURN  reduce 34
	CHAR  reduce 34
	READ  reduce 34
	'-'  reduce 34
	'!'  reduce 34
	'['  reduce 34
	'('  reduce 34
	'}'  reduce 34

	definicion_variable  goto 50
	lista_sentencias  goto 51


state 42
	definicion_funcion : FUNC ID '(' lista_parametros ')' retorno . '{' cuerpo '}'  (72)

	'{'  shift 52
	.  error


state 43
	retorno : tipoSimple .  (78)

	.  reduce 78


state 44
	lista_parametrosP : lista_parametrosP ',' ID . tipoSimple  (82)

	FLOAT32  shift 30
	INT  shift 31
	CHAR  shift 32
	.  error

	tipoSimple  goto 53


state 45
	campo : identificadores tipo . ';'  (64)

	';'  shift 54
	.  error


state 46
	tipo : STRUCT '{' lista_campos '}' .  (71)

	.  reduce 71


state 47
	lista_campos : lista_campos campo .  (66)

	.  reduce 66


state 48
	tipo : '[' CTE_ENTERA ']' tipo .  (70)

	.  reduce 70


state 49
	programa : lista_definiciones FUNC MAIN '(' ')' '{' cuerpo '}' .  (1)

	.  reduce 1


state 50
	lista_variables : lista_variables definicion_variable .  (60)

	.  reduce 60


state 51
	lista_sentencias : lista_sentencias . sentencia  (35)
	cuerpo : lista_variables lista_sentencias .  (73)

	CTE_ENTERA  shift 55
	IF  shift 56
	CTE_CARACTER  shift 57
	ID  shift 58
	WRITE  shift 59
	CTE_REAL  shift 60
	STRUCT  shift 14
	WHILE  shift 61
	FLOAT32  shift 15
	INT  shift 16
	RETURN  shift 62
	CHAR  shift 17
	READ  shift 63
	'-'  shift 64
	'!'  shift 65
	'['  shift 18
	'('  shift 66
	'}'  reduce 73

	expresion  goto 67
	tipo  goto 68
	sentencia  goto 69
	sentencia_if  goto 70
	sentencia_while  goto 71
	sentencia_write  goto 72
	sentencia_read  goto 73
	sentencia_asignacion  goto 74
	sentencia_return  goto 75
	sentencia_invocacion  goto 76
	sentencia_modificarValor  goto 77
	sentencia_modificarValorConcreto  goto 78


state 52
	definicion_funcion : FUNC ID '(' lista_parametros ')' retorno '{' . cuerpo '}'  (72)
	lista_variables : .  (59)

	.  reduce 59

	cuerpo  goto 79
	lista_variables  goto 41


state 53
	lista_parametrosP : lista_parametrosP ',' ID tipoSimple .  (82)

	.  reduce 82


state 54
	campo : identificadores tipo ';' .  (64)

	.  reduce 64


state 55
	expresion : CTE_ENTERA .  (10)

	.  reduce 10


state 56
	sentencia_if : IF . expresion '{' lista_sentencias '}'  (46)
	sentencia_if : IF . expresion '{' lista_sentencias '}' ELSE '{' lista_sentencias '}'  (47)

	CTE_ENTERA  shift 55
	CTE_CARACTER  shift 57
	ID  shift 80
	CTE_REAL  shift 60
	STRUCT  shift 14
	FLOAT32  shift 15
	INT  shift 16
	CHAR  shift 17
	'-'  shift 64
	'!'  shift 65
	'['  shift 18
	'('  shift 66
	.  error

	expresion  goto 81
	tipo  goto 68


state 57
	expresion : CTE_CARACTER .  (12)

	.  reduce 12


state 58
	expresion : ID .  (13)
	expresion : ID . '(' lista_expresiones ')'  (33)
	sentencia_invocacion : ID . '(' lista_expresiones ')' ';'  (52)

	'('  shift 82
	DISTINTO  reduce 13
	MENOR_IGUAL  reduce 13
	MAYOR_IGUAL  reduce 13
	IGUAL_IGUAL  reduce 13
	AND  reduce 13
	OR  reduce 13
	MAS_MAS  reduce 13
	MENOS_MENOS  reduce 13
	MAS_IGUAL  reduce 13
	MENOS_IGUAL  reduce 13
	MUL_IGUAL  reduce 13
	DIV_IGUAL  reduce 13
	'='  reduce 13
	'>'  reduce 13
	'<'  reduce 13
	'+'  reduce 13
	'-'  reduce 13
	'*'  reduce 13
	'/'  reduce 13
	'%'  reduce 13
	'['  reduce 13
	'.'  reduce 13


state 59
	sentencia_write : WRITE . '(' lista_expresiones ')' ';'  (49)

	'('  shift 83
	.  error


state 60
	expresion : CTE_REAL .  (11)

	.  reduce 11


state 61
	sentencia_while : WHILE . expresion '{' lista_sentencias '}'  (48)

	CTE_ENTERA  shift 55
	CTE_CARACTER  shift 57
	ID  shift 80
	CTE_REAL  shift 60
	STRUCT  shift 14
	FLOAT32  shift 15
	INT  shift 16
	CHAR  shift 17
	'-'  shift 64
	'!'  shift 65
	'['  shift 18
	'('  shift 66
	.  error

	expresion  goto 84
	tipo  goto 68


state 62
	sentencia_return : RETURN . expresion ';'  (51)

	CTE_ENTERA  shift 55
	CTE_CARACTER  shift 57
	ID  shift 80
	CTE_REAL  shift 60
	STRUCT  shift 14
	FLOAT32  shift 15
	INT  shift 16
	CHAR  shift 17
	'-'  shift 64
	'!'  shift 65
	'['  shift 18
	'('  shift 66
	.  error

	expresion  goto 85
	tipo  goto 68


state 63
	sentencia_read : READ . '(' lista_expresiones ')' ';'  (50)

	'('  shift 86
	.  error


state 64
	expresion : '-' . expresion  (17)

	CTE_ENTERA  shift 55
	CTE_CARACTER  shift 57
	ID  shift 80
	CTE_REAL  shift 60
	STRUCT  shift 14
	FLOAT32  shift 15
	INT  shift 16
	CHAR  shift 17
	'-'  shift 64
	'!'  shift 65
	'['  shift 18
	'('  shift 66
	.  error

	expresion  goto 87
	tipo  goto 68


state 65
	expresion : '!' . expresion  (18)

	CTE_ENTERA  shift 55
	CTE_CARACTER  shift 57
	ID  shift 80
	CTE_REAL  shift 60
	STRUCT  shift 14
	FLOAT32  shift 15
	INT  shift 16
	CHAR  shift 17
	'-'  shift 64
	'!'  shift 65
	'['  shift 18
	'('  shift 66
	.  error

	expresion  goto 88
	tipo  goto 68


state 66
	expresion : '(' . expresion ')'  (14)

	CTE_ENTERA  shift 55
	CTE_CARACTER  shift 57
	ID  shift 80
	CTE_REAL  shift 60
	STRUCT  shift 14
	FLOAT32  shift 15
	INT  shift 16
	CHAR  shift 17
	'-'  shift 64
	'!'  shift 65
	'['  shift 18
	'('  shift 66
	.  error

	expresion  goto 89
	tipo  goto 68


state 67
	expresion : expresion . '.' ID  (15)
	expresion : expresion . '[' expresion ']'  (16)
	expresion : expresion . '*' expresion  (19)
	expresion : expresion . '/' expresion  (20)
	expresion : expresion . '%' expresion  (21)
	expresion : expresion . '+' expresion  (22)
	expresion : expresion . '-' expresion  (23)
	expresion : expresion . '>' expresion  (24)
	expresion : expresion . MAYOR_IGUAL expresion  (25)
	expresion : expresion . '<' expresion  (26)
	expresion : expresion . MENOR_IGUAL expresion  (27)
	expresion : expresion . DISTINTO expresion  (28)
	expresion : expresion . IGUAL_IGUAL expresion  (29)
	expresion : expresion . AND expresion  (30)
	expresion : expresion . OR expresion  (31)
	sentencia_asignacion : expresion . '=' expresion ';'  (45)
	sentencia_modificarValor : expresion . MAS_MAS ';'  (53)
	sentencia_modificarValor : expresion . MENOS_MENOS ';'  (54)
	sentencia_modificarValorConcreto : expresion . MAS_IGUAL expresion ';'  (55)
	sentencia_modificarValorConcreto : expresion . MENOS_IGUAL expresion ';'  (56)
	sentencia_modificarValorConcreto : expresion . MUL_IGUAL expresion ';'  (57)
	sentencia_modificarValorConcreto : expresion . DIV_IGUAL expresion ';'  (58)

	DISTINTO  shift 90
	MENOR_IGUAL  shift 91
	MAYOR_IGUAL  shift 92
	IGUAL_IGUAL  shift 93
	AND  shift 94
	OR  shift 95
	MAS_MAS  shift 96
	MENOS_MENOS  shift 97
	MAS_IGUAL  shift 98
	MENOS_IGUAL  shift 99
	MUL_IGUAL  shift 100
	DIV_IGUAL  shift 101
	'='  shift 102
	'>'  shift 103
	'<'  shift 104
	'+'  shift 105
	'-'  shift 106
	'*'  shift 107
	'/'  shift 108
	'%'  shift 109
	'['  shift 110
	'.'  shift 111
	.  error


state 68
	expresion : tipo . '(' expresion ')'  (32)

	'('  shift 112
	.  error


state 69
	lista_sentencias : lista_sentencias sentencia .  (35)

	.  reduce 35


state 70
	sentencia : sentencia_if .  (36)

	.  reduce 36


state 71
	sentencia : sentencia_while .  (37)

	.  reduce 37


state 72
	sentencia : sentencia_write .  (38)

	.  reduce 38


state 73
	sentencia : sentencia_read .  (39)

	.  reduce 39


state 74
	sentencia : sentencia_asignacion .  (40)

	.  reduce 40


state 75
	sentencia : sentencia_return .  (41)

	.  reduce 41


state 76
	sentencia : sentencia_invocacion .  (42)

	.  reduce 42


state 77
	sentencia : sentencia_modificarValor .  (43)

	.  reduce 43


state 78
	sentencia : sentencia_modificarValorConcreto .  (44)

	.  reduce 44


state 79
	definicion_funcion : FUNC ID '(' lista_parametros ')' retorno '{' cuerpo . '}'  (72)

	'}'  shift 113
	.  error


state 80
	expresion : ID .  (13)
	expresion : ID . '(' lista_expresiones ')'  (33)

	'('  shift 114
	DISTINTO  reduce 13
	MENOR_IGUAL  reduce 13
	MAYOR_IGUAL  reduce 13
	IGUAL_IGUAL  reduce 13
	AND  reduce 13
	OR  reduce 13
	MAS_MAS  reduce 13
	MENOS_MENOS  reduce 13
	MAS_IGUAL  reduce 13
	MENOS_IGUAL  reduce 13
	MUL_IGUAL  reduce 13
	DIV_IGUAL  reduce 13
	'='  reduce 13
	'>'  reduce 13
	'<'  reduce 13
	'+'  reduce 13
	'-'  reduce 13
	'*'  reduce 13
	'/'  reduce 13
	'%'  reduce 13
	'['  reduce 13
	']'  reduce 13
	'.'  reduce 13
	')'  reduce 13
	'{'  reduce 13
	','  reduce 13
	';'  reduce 13


state 81
	expresion : expresion . '.' ID  (15)
	expresion : expresion . '[' expresion ']'  (16)
	expresion : expresion . '*' expresion  (19)
	expresion : expresion . '/' expresion  (20)
	expresion : expresion . '%' expresion  (21)
	expresion : expresion . '+' expresion  (22)
	expresion : expresion . '-' expresion  (23)
	expresion : expresion . '>' expresion  (24)
	expresion : expresion . MAYOR_IGUAL expresion  (25)
	expresion : expresion . '<' expresion  (26)
	expresion : expresion . MENOR_IGUAL expresion  (27)
	expresion : expresion . DISTINTO expresion  (28)
	expresion : expresion . IGUAL_IGUAL expresion  (29)
	expresion : expresion . AND expresion  (30)
	expresion : expresion . OR expresion  (31)
	sentencia_if : IF expresion . '{' lista_sentencias '}'  (46)
	sentencia_if : IF expresion . '{' lista_sentencias '}' ELSE '{' lista_sentencias '}'  (47)

	DISTINTO  shift 90
	MENOR_IGUAL  shift 91
	MAYOR_IGUAL  shift 92
	IGUAL_IGUAL  shift 93
	AND  shift 94
	OR  shift 95
	'>'  shift 103
	'<'  shift 104
	'+'  shift 105
	'-'  shift 106
	'*'  shift 107
	'/'  shift 108
	'%'  shift 109
	'['  shift 110
	'.'  shift 111
	'{'  shift 115
	.  error


state 82
	expresion : ID '(' . lista_expresiones ')'  (33)
	sentencia_invocacion : ID '(' . lista_expresiones ')' ';'  (52)
	lista_expresiones : .  (6)

	CTE_ENTERA  shift 55
	CTE_CARACTER  shift 57
	ID  shift 80
	CTE_REAL  shift 60
	STRUCT  shift 14
	FLOAT32  shift 15
	INT  shift 16
	CHAR  shift 17
	'-'  shift 64
	'!'  shift 65
	'['  shift 18
	'('  shift 66
	')'  reduce 6

	lista_expresiones  goto 116
	lista_expresionesP  goto 117
	expresion  goto 118
	tipo  goto 68


state 83
	sentencia_write : WRITE '(' . lista_expresiones ')' ';'  (49)
	lista_expresiones : .  (6)

	CTE_ENTERA  shift 55
	CTE_CARACTER  shift 57
	ID  shift 80
	CTE_REAL  shift 60
	STRUCT  shift 14
	FLOAT32  shift 15
	INT  shift 16
	CHAR  shift 17
	'-'  shift 64
	'!'  shift 65
	'['  shift 18
	'('  shift 66
	')'  reduce 6

	lista_expresiones  goto 119
	lista_expresionesP  goto 117
	expresion  goto 118
	tipo  goto 68


state 84
	expresion : expresion . '.' ID  (15)
	expresion : expresion . '[' expresion ']'  (16)
	expresion : expresion . '*' expresion  (19)
	expresion : expresion . '/' expresion  (20)
	expresion : expresion . '%' expresion  (21)
	expresion : expresion . '+' expresion  (22)
	expresion : expresion . '-' expresion  (23)
	expresion : expresion . '>' expresion  (24)
	expresion : expresion . MAYOR_IGUAL expresion  (25)
	expresion : expresion . '<' expresion  (26)
	expresion : expresion . MENOR_IGUAL expresion  (27)
	expresion : expresion . DISTINTO expresion  (28)
	expresion : expresion . IGUAL_IGUAL expresion  (29)
	expresion : expresion . AND expresion  (30)
	expresion : expresion . OR expresion  (31)
	sentencia_while : WHILE expresion . '{' lista_sentencias '}'  (48)

	DISTINTO  shift 90
	MENOR_IGUAL  shift 91
	MAYOR_IGUAL  shift 92
	IGUAL_IGUAL  shift 93
	AND  shift 94
	OR  shift 95
	'>'  shift 103
	'<'  shift 104
	'+'  shift 105
	'-'  shift 106
	'*'  shift 107
	'/'  shift 108
	'%'  shift 109
	'['  shift 110
	'.'  shift 111
	'{'  shift 120
	.  error


state 85
	expresion : expresion . '.' ID  (15)
	expresion : expresion . '[' expresion ']'  (16)
	expresion : expresion . '*' expresion  (19)
	expresion : expresion . '/' expresion  (20)
	expresion : expresion . '%' expresion  (21)
	expresion : expresion . '+' expresion  (22)
	expresion : expresion . '-' expresion  (23)
	expresion : expresion . '>' expresion  (24)
	expresion : expresion . MAYOR_IGUAL expresion  (25)
	expresion : expresion . '<' expresion  (26)
	expresion : expresion . MENOR_IGUAL expresion  (27)
	expresion : expresion . DISTINTO expresion  (28)
	expresion : expresion . IGUAL_IGUAL expresion  (29)
	expresion : expresion . AND expresion  (30)
	expresion : expresion . OR expresion  (31)
	sentencia_return : RETURN expresion . ';'  (51)

	DISTINTO  shift 90
	MENOR_IGUAL  shift 91
	MAYOR_IGUAL  shift 92
	IGUAL_IGUAL  shift 93
	AND  shift 94
	OR  shift 95
	'>'  shift 103
	'<'  shift 104
	'+'  shift 105
	'-'  shift 106
	'*'  shift 107
	'/'  shift 108
	'%'  shift 109
	'['  shift 110
	'.'  shift 111
	';'  shift 121
	.  error


state 86
	sentencia_read : READ '(' . lista_expresiones ')' ';'  (50)
	lista_expresiones : .  (6)

	CTE_ENTERA  shift 55
	CTE_CARACTER  shift 57
	ID  shift 80
	CTE_REAL  shift 60
	STRUCT  shift 14
	FLOAT32  shift 15
	INT  shift 16
	CHAR  shift 17
	'-'  shift 64
	'!'  shift 65
	'['  shift 18
	'('  shift 66
	')'  reduce 6

	lista_expresiones  goto 122
	lista_expresionesP  goto 117
	expresion  goto 118
	tipo  goto 68


state 87
	expresion : expresion . '.' ID  (15)
	expresion : expresion . '[' expresion ']'  (16)
	expresion : '-' expresion .  (17)
	expresion : expresion . '*' expresion  (19)
	expresion : expresion . '/' expresion  (20)
	expresion : expresion . '%' expresion  (21)
	expresion : expresion . '+' expresion  (22)
	expresion : expresion . '-' expresion  (23)
	expresion : expresion . '>' expresion  (24)
	expresion : expresion . MAYOR_IGUAL expresion  (25)
	expresion : expresion . '<' expresion  (26)
	expresion : expresion . MENOR_IGUAL expresion  (27)
	expresion : expresion . DISTINTO expresion  (28)
	expresion : expresion . IGUAL_IGUAL expresion  (29)
	expresion : expresion . AND expresion  (30)
	expresion : expresion . OR expresion  (31)

	'['  shift 110
	'.'  shift 111
	DISTINTO  reduce 17
	MENOR_IGUAL  reduce 17
	MAYOR_IGUAL  reduce 17
	IGUAL_IGUAL  reduce 17
	AND  reduce 17
	OR  reduce 17
	MAS_MAS  reduce 17
	MENOS_MENOS  reduce 17
	MAS_IGUAL  reduce 17
	MENOS_IGUAL  reduce 17
	MUL_IGUAL  reduce 17
	DIV_IGUAL  reduce 17
	'='  reduce 17
	'>'  reduce 17
	'<'  reduce 17
	'+'  reduce 17
	'-'  reduce 17
	'*'  reduce 17
	'/'  reduce 17
	'%'  reduce 17
	']'  reduce 17
	')'  reduce 17
	'{'  reduce 17
	','  reduce 17
	';'  reduce 17


state 88
	expresion : expresion . '.' ID  (15)
	expresion : expresion . '[' expresion ']'  (16)
	expresion : '!' expresion .  (18)
	expresion : expresion . '*' expresion  (19)
	expresion : expresion . '/' expresion  (20)
	expresion : expresion . '%' expresion  (21)
	expresion : expresion . '+' expresion  (22)
	expresion : expresion . '-' expresion  (23)
	expresion : expresion . '>' expresion  (24)
	expresion : expresion . MAYOR_IGUAL expresion  (25)
	expresion : expresion . '<' expresion  (26)
	expresion : expresion . MENOR_IGUAL expresion  (27)
	expresion : expresion . DISTINTO expresion  (28)
	expresion : expresion . IGUAL_IGUAL expresion  (29)
	expresion : expresion . AND expresion  (30)
	expresion : expresion . OR expresion  (31)

	'['  shift 110
	'.'  shift 111
	DISTINTO  reduce 18
	MENOR_IGUAL  reduce 18
	MAYOR_IGUAL  reduce 18
	IGUAL_IGUAL  reduce 18
	AND  reduce 18
	OR  reduce 18
	MAS_MAS  reduce 18
	MENOS_MENOS  reduce 18
	MAS_IGUAL  reduce 18
	MENOS_IGUAL  reduce 18
	MUL_IGUAL  reduce 18
	DIV_IGUAL  reduce 18
	'='  reduce 18
	'>'  reduce 18
	'<'  reduce 18
	'+'  reduce 18
	'-'  reduce 18
	'*'  reduce 18
	'/'  reduce 18
	'%'  reduce 18
	']'  reduce 18
	')'  reduce 18
	'{'  reduce 18
	','  reduce 18
	';'  reduce 18


state 89
	expresion : '(' expresion . ')'  (14)
	expresion : expresion . '.' ID  (15)
	expresion : expresion . '[' expresion ']'  (16)
	expresion : expresion . '*' expresion  (19)
	expresion : expresion . '/' expresion  (20)
	expresion : expresion . '%' expresion  (21)
	expresion : expresion . '+' expresion  (22)
	expresion : expresion . '-' expresion  (23)
	expresion : expresion . '>' expresion  (24)
	expresion : expresion . MAYOR_IGUAL expresion  (25)
	expresion : expresion . '<' expresion  (26)
	expresion : expresion . MENOR_IGUAL expresion  (27)
	expresion : expresion . DISTINTO expresion  (28)
	expresion : expresion . IGUAL_IGUAL expresion  (29)
	expresion : expresion . AND expresion  (30)
	expresion : expresion . OR expresion  (31)

	DISTINTO  shift 90
	MENOR_IGUAL  shift 91
	MAYOR_IGUAL  shift 92
	IGUAL_IGUAL  shift 93
	AND  shift 94
	OR  shift 95
	'>'  shift 103
	'<'  shift 104
	'+'  shift 105
	'-'  shift 106
	'*'  shift 107
	'/'  shift 108
	'%'  shift 109
	'['  shift 110
	'.'  shift 111
	')'  shift 123
	.  error


state 90
	expresion : expresion DISTINTO . expresion  (28)

	CTE_ENTERA  shift 55
	CTE_CARACTER  shift 57
	ID  shift 80
	CTE_REAL  shift 60
	STRUCT  shift 14
	FLOAT32  shift 15
	INT  shift 16
	CHAR  shift 17
	'-'  shift 64
	'!'  shift 65
	'['  shift 18
	'('  shift 66
	.  error

	expresion  goto 124
	tipo  goto 68


state 91
	expresion : expresion MENOR_IGUAL . expresion  (27)

	CTE_ENTERA  shift 55
	CTE_CARACTER  shift 57
	ID  shift 80
	CTE_REAL  shift 60
	STRUCT  shift 14
	FLOAT32  shift 15
	INT  shift 16
	CHAR  shift 17
	'-'  shift 64
	'!'  shift 65
	'['  shift 18
	'('  shift 66
	.  error

	expresion  goto 125
	tipo  goto 68


state 92
	expresion : expresion MAYOR_IGUAL . expresion  (25)

	CTE_ENTERA  shift 55
	CTE_CARACTER  shift 57
	ID  shift 80
	CTE_REAL  shift 60
	STRUCT  shift 14
	FLOAT32  shift 15
	INT  shift 16
	CHAR  shift 17
	'-'  shift 64
	'!'  shift 65
	'['  shift 18
	'('  shift 66
	.  error

	expresion  goto 126
	tipo  goto 68


state 93
	expresion : expresion IGUAL_IGUAL . expresion  (29)

	CTE_ENTERA  shift 55
	CTE_CARACTER  shift 57
	ID  shift 80
	CTE_REAL  shift 60
	STRUCT  shift 14
	FLOAT32  shift 15
	INT  shift 16
	CHAR  shift 17
	'-'  shift 64
	'!'  shift 65
	'['  shift 18
	'('  shift 66
	.  error

	expresion  goto 127
	tipo  goto 68


state 94
	expresion : expresion AND . expresion  (30)

	CTE_ENTERA  shift 55
	CTE_CARACTER  shift 57
	ID  shift 80
	CTE_REAL  shift 60
	STRUCT  shift 14
	FLOAT32  shift 15
	INT  shift 16
	CHAR  shift 17
	'-'  shift 64
	'!'  shift 65
	'['  shift 18
	'('  shift 66
	.  error

	expresion  goto 128
	tipo  goto 68


state 95
	expresion : expresion OR . expresion  (31)

	CTE_ENTERA  shift 55
	CTE_CARACTER  shift 57
	ID  shift 80
	CTE_REAL  shift 60
	STRUCT  shift 14
	FLOAT32  shift 15
	INT  shift 16
	CHAR  shift 17
	'-'  shift 64
	'!'  shift 65
	'['  shift 18
	'('  shift 66
	.  error

	expresion  goto 129
	tipo  goto 68


state 96
	sentencia_modificarValor : expresion MAS_MAS . ';'  (53)

	';'  shift 130
	.  error


state 97
	sentencia_modificarValor : expresion MENOS_MENOS . ';'  (54)

	';'  shift 131
	.  error


state 98
	sentencia_modificarValorConcreto : expresion MAS_IGUAL . expresion ';'  (55)

	CTE_ENTERA  shift 55
	CTE_CARACTER  shift 57
	ID  shift 80
	CTE_REAL  shift 60
	STRUCT  shift 14
	FLOAT32  shift 15
	INT  shift 16
	CHAR  shift 17
	'-'  shift 64
	'!'  shift 65
	'['  shift 18
	'('  shift 66
	.  error

	expresion  goto 132
	tipo  goto 68


state 99
	sentencia_modificarValorConcreto : expresion MENOS_IGUAL . expresion ';'  (56)

	CTE_ENTERA  shift 55
	CTE_CARACTER  shift 57
	ID  shift 80
	CTE_REAL  shift 60
	STRUCT  shift 14
	FLOAT32  shift 15
	INT  shift 16
	CHAR  shift 17
	'-'  shift 64
	'!'  shift 65
	'['  shift 18
	'('  shift 66
	.  error

	expresion  goto 133
	tipo  goto 68


state 100
	sentencia_modificarValorConcreto : expresion MUL_IGUAL . expresion ';'  (57)

	CTE_ENTERA  shift 55
	CTE_CARACTER  shift 57
	ID  shift 80
	CTE_REAL  shift 60
	STRUCT  shift 14
	FLOAT32  shift 15
	INT  shift 16
	CHAR  shift 17
	'-'  shift 64
	'!'  shift 65
	'['  shift 18
	'('  shift 66
	.  error

	expresion  goto 134
	tipo  goto 68


state 101
	sentencia_modificarValorConcreto : expresion DIV_IGUAL . expresion ';'  (58)

	CTE_ENTERA  shift 55
	CTE_CARACTER  shift 57
	ID  shift 80
	CTE_REAL  shift 60
	STRUCT  shift 14
	FLOAT32  shift 15
	INT  shift 16
	CHAR  shift 17
	'-'  shift 64
	'!'  shift 65
	'['  shift 18
	'('  shift 66
	.  error

	expresion  goto 135
	tipo  goto 68


state 102
	sentencia_asignacion : expresion '=' . expresion ';'  (45)

	CTE_ENTERA  shift 55
	CTE_CARACTER  shift 57
	ID  shift 80
	CTE_REAL  shift 60
	STRUCT  shift 14
	FLOAT32  shift 15
	INT  shift 16
	CHAR  shift 17
	'-'  shift 64
	'!'  shift 65
	'['  shift 18
	'('  shift 66
	.  error

	expresion  goto 136
	tipo  goto 68


state 103
	expresion : expresion '>' . expresion  (24)

	CTE_ENTERA  shift 55
	CTE_CARACTER  shift 57
	ID  shift 80
	CTE_REAL  shift 60
	STRUCT  shift 14
	FLOAT32  shift 15
	INT  shift 16
	CHAR  shift 17
	'-'  shift 64
	'!'  shift 65
	'['  shift 18
	'('  shift 66
	.  error

	expresion  goto 137
	tipo  goto 68


state 104
	expresion : expresion '<' . expresion  (26)

	CTE_ENTERA  shift 55
	CTE_CARACTER  shift 57
	ID  shift 80
	CTE_REAL  shift 60
	STRUCT  shift 14
	FLOAT32  shift 15
	INT  shift 16
	CHAR  shift 17
	'-'  shift 64
	'!'  shift 65
	'['  shift 18
	'('  shift 66
	.  error

	expresion  goto 138
	tipo  goto 68


state 105
	expresion : expresion '+' . expresion  (22)

	CTE_ENTERA  shift 55
	CTE_CARACTER  shift 57
	ID  shift 80
	CTE_REAL  shift 60
	STRUCT  shift 14
	FLOAT32  shift 15
	INT  shift 16
	CHAR  shift 17
	'-'  shift 64
	'!'  shift 65
	'['  shift 18
	'('  shift 66
	.  error

	expresion  goto 139
	tipo  goto 68


state 106
	expresion : expresion '-' . expresion  (23)

	CTE_ENTERA  shift 55
	CTE_CARACTER  shift 57
	ID  shift 80
	CTE_REAL  shift 60
	STRUCT  shift 14
	FLOAT32  shift 15
	INT  shift 16
	CHAR  shift 17
	'-'  shift 64
	'!'  shift 65
	'['  shift 18
	'('  shift 66
	.  error

	expresion  goto 140
	tipo  goto 68


state 107
	expresion : expresion '*' . expresion  (19)

	CTE_ENTERA  shift 55
	CTE_CARACTER  shift 57
	ID  shift 80
	CTE_REAL  shift 60
	STRUCT  shift 14
	FLOAT32  shift 15
	INT  shift 16
	CHAR  shift 17
	'-'  shift 64
	'!'  shift 65
	'['  shift 18
	'('  shift 66
	.  error

	expresion  goto 141
	tipo  goto 68


state 108
	expresion : expresion '/' . expresion  (20)

	CTE_ENTERA  shift 55
	CTE_CARACTER  shift 57
	ID  shift 80
	CTE_REAL  shift 60
	STRUCT  shift 14
	FLOAT32  shift 15
	INT  shift 16
	CHAR  shift 17
	'-'  shift 64
	'!'  shift 65
	'['  shift 18
	'('  shift 66
	.  error

	expresion  goto 142
	tipo  goto 68


state 109
	expresion : expresion '%' . expresion  (21)

	CTE_ENTERA  shift 55
	CTE_CARACTER  shift 57
	ID  shift 80
	CTE_REAL  shift 60
	STRUCT  shift 14
	FLOAT32  shift 15
	INT  shift 16
	CHAR  shift 17
	'-'  shift 64
	'!'  shift 65
	'['  shift 18
	'('  shift 66
	.  error

	expresion  goto 143
	tipo  goto 68


state 110
	expresion : expresion '[' . expresion ']'  (16)

	CTE_ENTERA  shift 55
	CTE_CARACTER  shift 57
	ID  shift 80
	CTE_REAL  shift 60
	STRUCT  shift 14
	FLOAT32  shift 15
	INT  shift 16
	CHAR  shift 17
	'-'  shift 64
	'!'  shift 65
	'['  shift 18
	'('  shift 66
	.  error

	expresion  goto 144
	tipo  goto 68


state 111
	expresion : expresion '.' . ID  (15)

	ID  shift 145
	.  error


state 112
	expresion : tipo '(' . expresion ')'  (32)

	CTE_ENTERA  shift 55
	CTE_CARACTER  shift 57
	ID  shift 80
	CTE_REAL  shift 60
	STRUCT  shift 14
	FLOAT32  shift 15
	INT  shift 16
	CHAR  shift 17
	'-'  shift 64
	'!'  shift 65
	'['  shift 18
	'('  shift 66
	.  error

	expresion  goto 146
	tipo  goto 68


state 113
	definicion_funcion : FUNC ID '(' lista_parametros ')' retorno '{' cuerpo '}' .  (72)

	.  reduce 72


state 114
	expresion : ID '(' . lista_expresiones ')'  (33)
	lista_expresiones : .  (6)

	CTE_ENTERA  shift 55
	CTE_CARACTER  shift 57
	ID  shift 80
	CTE_REAL  shift 60
	STRUCT  shift 14
	FLOAT32  shift 15
	INT  shift 16
	CHAR  shift 17
	'-'  shift 64
	'!'  shift 65
	'['  shift 18
	'('  shift 66
	')'  reduce 6

	lista_expresiones  goto 147
	lista_expresionesP  goto 117
	expresion  goto 118
	tipo  goto 68


state 115
	sentencia_if : IF expresion '{' . lista_sentencias '}'  (46)
	sentencia_if : IF expresion '{' . lista_sentencias '}' ELSE '{' lista_sentencias '}'  (47)
	lista_sentencias : .  (34)

	.  reduce 34

	lista_sentencias  goto 148


state 116
	expresion : ID '(' lista_expresiones . ')'  (33)
	sentencia_invocacion : ID '(' lista_expresiones . ')' ';'  (52)

	')'  shift 149
	.  error


state 117
	lista_expresiones : lista_expresionesP .  (7)
	lista_expresionesP : lista_expresionesP . ',' expresion  (9)

	','  shift 150
	')'  reduce 7


state 118
	lista_expresionesP : expresion .  (8)
	expresion : expresion . '.' ID  (15)
	expresion : expresion . '[' expresion ']'  (16)
	expresion : expresion . '*' expresion  (19)
	expresion : expresion . '/' expresion  (20)
	expresion : expresion . '%' expresion  (21)
	expresion : expresion . '+' expresion  (22)
	expresion : expresion . '-' expresion  (23)
	expresion : expresion . '>' expresion  (24)
	expresion : expresion . MAYOR_IGUAL expresion  (25)
	expresion : expresion . '<' expresion  (26)
	expresion : expresion . MENOR_IGUAL expresion  (27)
	expresion : expresion . DISTINTO expresion  (28)
	expresion : expresion . IGUAL_IGUAL expresion  (29)
	expresion : expresion . AND expresion  (30)
	expresion : expresion . OR expresion  (31)

	DISTINTO  shift 90
	MENOR_IGUAL  shift 91
	MAYOR_IGUAL  shift 92
	IGUAL_IGUAL  shift 93
	AND  shift 94
	OR  shift 95
	'>'  shift 103
	'<'  shift 104
	'+'  shift 105
	'-'  shift 106
	'*'  shift 107
	'/'  shift 108
	'%'  shift 109
	'['  shift 110
	'.'  shift 111
	')'  reduce 8
	','  reduce 8


state 119
	sentencia_write : WRITE '(' lista_expresiones . ')' ';'  (49)

	')'  shift 151
	.  error


state 120
	sentencia_while : WHILE expresion '{' . lista_sentencias '}'  (48)
	lista_sentencias : .  (34)

	.  reduce 34

	lista_sentencias  goto 152


state 121
	sentencia_return : RETURN expresion ';' .  (51)

	.  reduce 51


state 122
	sentencia_read : READ '(' lista_expresiones . ')' ';'  (50)

	')'  shift 153
	.  error


state 123
	expresion : '(' expresion ')' .  (14)

	.  reduce 14


state 124
	expresion : expresion . '.' ID  (15)
	expresion : expresion . '[' expresion ']'  (16)
	expresion : expresion . '*' expresion  (19)
	expresion : expresion . '/' expresion  (20)
	expresion : expresion . '%' expresion  (21)
	expresion : expresion . '+' expresion  (22)
	expresion : expresion . '-' expresion  (23)
	expresion : expresion . '>' expresion  (24)
	expresion : expresion . MAYOR_IGUAL expresion  (25)
	expresion : expresion . '<' expresion  (26)
	expresion : expresion . MENOR_IGUAL expresion  (27)
	expresion : expresion . DISTINTO expresion  (28)
	expresion : expresion DISTINTO expresion .  (28)
	expresion : expresion . IGUAL_IGUAL expresion  (29)
	expresion : expresion . AND expresion  (30)
	expresion : expresion . OR expresion  (31)

	'+'  shift 105
	'-'  shift 106
	'*'  shift 107
	'/'  shift 108
	'%'  shift 109
	'['  shift 110
	'.'  shift 111
	DISTINTO  reduce 28
	MENOR_IGUAL  reduce 28
	MAYOR_IGUAL  reduce 28
	IGUAL_IGUAL  reduce 28
	AND  reduce 28
	OR  reduce 28
	MAS_MAS  reduce 28
	MENOS_MENOS  reduce 28
	MAS_IGUAL  reduce 28
	MENOS_IGUAL  reduce 28
	MUL_IGUAL  reduce 28
	DIV_IGUAL  reduce 28
	'='  reduce 28
	'>'  reduce 28
	'<'  reduce 28
	']'  reduce 28
	')'  reduce 28
	'{'  reduce 28
	','  reduce 28
	';'  reduce 28


state 125
	expresion : expresion . '.' ID  (15)
	expresion : expresion . '[' expresion ']'  (16)
	expresion : expresion . '*' expresion  (19)
	expresion : expresion . '/' expresion  (20)
	expresion : expresion . '%' expresion  (21)
	expresion : expresion . '+' expresion  (22)
	expresion : expresion . '-' expresion  (23)
	expresion : expresion . '>' expresion  (24)
	expresion : expresion . MAYOR_IGUAL expresion  (25)
	expresion : expresion . '<' expresion  (26)
	expresion : expresion . MENOR_IGUAL expresion  (27)
	expresion : expresion MENOR_IGUAL expresion .  (27)
	expresion : expresion . DISTINTO expresion  (28)
	expresion : expresion . IGUAL_IGUAL expresion  (29)
	expresion : expresion . AND expresion  (30)
	expresion : expresion . OR expresion  (31)

	'+'  shift 105
	'-'  shift 106
	'*'  shift 107
	'/'  shift 108
	'%'  shift 109
	'['  shift 110
	'.'  shift 111
	DISTINTO  reduce 27
	MENOR_IGUAL  reduce 27
	MAYOR_IGUAL  reduce 27
	IGUAL_IGUAL  reduce 27
	AND  reduce 27
	OR  reduce 27
	MAS_MAS  reduce 27
	MENOS_MENOS  reduce 27
	MAS_IGUAL  reduce 27
	MENOS_IGUAL  reduce 27
	MUL_IGUAL  reduce 27
	DIV_IGUAL  reduce 27
	'='  reduce 27
	'>'  reduce 27
	'<'  reduce 27
	']'  reduce 27
	')'  reduce 27
	'{'  reduce 27
	','  reduce 27
	';'  reduce 27


state 126
	expresion : expresion . '.' ID  (15)
	expresion : expresion . '[' expresion ']'  (16)
	expresion : expresion . '*' expresion  (19)
	expresion : expresion . '/' expresion  (20)
	expresion : expresion . '%' expresion  (21)
	expresion : expresion . '+' expresion  (22)
	expresion : expresion . '-' expresion  (23)
	expresion : expresion . '>' expresion  (24)
	expresion : expresion . MAYOR_IGUAL expresion  (25)
	expresion : expresion MAYOR_IGUAL expresion .  (25)
	expresion : expresion . '<' expresion  (26)
	expresion : expresion . MENOR_IGUAL expresion  (27)
	expresion : expresion . DISTINTO expresion  (28)
	expresion : expresion . IGUAL_IGUAL expresion  (29)
	expresion : expresion . AND expresion  (30)
	expresion : expresion . OR expresion  (31)

	'+'  shift 105
	'-'  shift 106
	'*'  shift 107
	'/'  shift 108
	'%'  shift 109
	'['  shift 110
	'.'  shift 111
	DISTINTO  reduce 25
	MENOR_IGUAL  reduce 25
	MAYOR_IGUAL  reduce 25
	IGUAL_IGUAL  reduce 25
	AND  reduce 25
	OR  reduce 25
	MAS_MAS  reduce 25
	MENOS_MENOS  reduce 25
	MAS_IGUAL  reduce 25
	MENOS_IGUAL  reduce 25
	MUL_IGUAL  reduce 25
	DIV_IGUAL  reduce 25
	'='  reduce 25
	'>'  reduce 25
	'<'  reduce 25
	']'  reduce 25
	')'  reduce 25
	'{'  reduce 25
	','  reduce 25
	';'  reduce 25


state 127
	expresion : expresion . '.' ID  (15)
	expresion : expresion . '[' expresion ']'  (16)
	expresion : expresion . '*' expresion  (19)
	expresion : expresion . '/' expresion  (20)
	expresion : expresion . '%' expresion  (21)
	expresion : expresion . '+' expresion  (22)
	expresion : expresion . '-' expresion  (23)
	expresion : expresion . '>' expresion  (24)
	expresion : expresion . MAYOR_IGUAL expresion  (25)
	expresion : expresion . '<' expresion  (26)
	expresion : expresion . MENOR_IGUAL expresion  (27)
	expresion : expresion . DISTINTO expresion  (28)
	expresion : expresion . IGUAL_IGUAL expresion  (29)
	expresion : expresion IGUAL_IGUAL expresion .  (29)
	expresion : expresion . AND expresion  (30)
	expresion : expresion . OR expresion  (31)

	'+'  shift 105
	'-'  shift 106
	'*'  shift 107
	'/'  shift 108
	'%'  shift 109
	'['  shift 110
	'.'  shift 111
	DISTINTO  reduce 29
	MENOR_IGUAL  reduce 29
	MAYOR_IGUAL  reduce 29
	IGUAL_IGUAL  reduce 29
	AND  reduce 29
	OR  reduce 29
	MAS_MAS  reduce 29
	MENOS_MENOS  reduce 29
	MAS_IGUAL  reduce 29
	MENOS_IGUAL  reduce 29
	MUL_IGUAL  reduce 29
	DIV_IGUAL  reduce 29
	'='  reduce 29
	'>'  reduce 29
	'<'  reduce 29
	']'  reduce 29
	')'  reduce 29
	'{'  reduce 29
	','  reduce 29
	';'  reduce 29


state 128
	expresion : expresion . '.' ID  (15)
	expresion : expresion . '[' expresion ']'  (16)
	expresion : expresion . '*' expresion  (19)
	expresion : expresion . '/' expresion  (20)
	expresion : expresion . '%' expresion  (21)
	expresion : expresion . '+' expresion  (22)
	expresion : expresion . '-' expresion  (23)
	expresion : expresion . '>' expresion  (24)
	expresion : expresion . MAYOR_IGUAL expresion  (25)
	expresion : expresion . '<' expresion  (26)
	expresion : expresion . MENOR_IGUAL expresion  (27)
	expresion : expresion . DISTINTO expresion  (28)
	expresion : expresion . IGUAL_IGUAL expresion  (29)
	expresion : expresion . AND expresion  (30)
	expresion : expresion AND expresion .  (30)
	expresion : expresion . OR expresion  (31)

	DISTINTO  shift 90
	MENOR_IGUAL  shift 91
	MAYOR_IGUAL  shift 92
	IGUAL_IGUAL  shift 93
	'>'  shift 103
	'<'  shift 104
	'+'  shift 105
	'-'  shift 106
	'*'  shift 107
	'/'  shift 108
	'%'  shift 109
	'['  shift 110
	'.'  shift 111
	AND  reduce 30
	OR  reduce 30
	MAS_MAS  reduce 30
	MENOS_MENOS  reduce 30
	MAS_IGUAL  reduce 30
	MENOS_IGUAL  reduce 30
	MUL_IGUAL  reduce 30
	DIV_IGUAL  reduce 30
	'='  reduce 30
	']'  reduce 30
	')'  reduce 30
	'{'  reduce 30
	','  reduce 30
	';'  reduce 30


state 129
	expresion : expresion . '.' ID  (15)
	expresion : expresion . '[' expresion ']'  (16)
	expresion : expresion . '*' expresion  (19)
	expresion : expresion . '/' expresion  (20)
	expresion : expresion . '%' expresion  (21)
	expresion : expresion . '+' expresion  (22)
	expresion : expresion . '-' expresion  (23)
	expresion : expresion . '>' expresion  (24)
	expresion : expresion . MAYOR_IGUAL expresion  (25)
	expresion : expresion . '<' expresion  (26)
	expresion : expresion . MENOR_IGUAL expresion  (27)
	expresion : expresion . DISTINTO expresion  (28)
	expresion : expresion . IGUAL_IGUAL expresion  (29)
	expresion : expresion . AND expresion  (30)
	expresion : expresion . OR expresion  (31)
	expresion : expresion OR expresion .  (31)

	DISTINTO  shift 90
	MENOR_IGUAL  shift 91
	MAYOR_IGUAL  shift 92
	IGUAL_IGUAL  shift 93
	'>'  shift 103
	'<'  shift 104
	'+'  shift 105
	'-'  shift 106
	'*'  shift 107
	'/'  shift 108
	'%'  shift 109
	'['  shift 110
	'.'  shift 111
	AND  reduce 31
	OR  reduce 31
	MAS_MAS  reduce 31
	MENOS_MENOS  reduce 31
	MAS_IGUAL  reduce 31
	MENOS_IGUAL  reduce 31
	MUL_IGUAL  reduce 31
	DIV_IGUAL  reduce 31
	'='  reduce 31
	']'  reduce 31
	')'  reduce 31
	'{'  reduce 31
	','  reduce 31
	';'  reduce 31


state 130
	sentencia_modificarValor : expresion MAS_MAS ';' .  (53)

	.  reduce 53


state 131
	sentencia_modificarValor : expresion MENOS_MENOS ';' .  (54)

	.  reduce 54


state 132
	expresion : expresion . '.' ID  (15)
	expresion : expresion . '[' expresion ']'  (16)
	expresion : expresion . '*' expresion  (19)
	expresion : expresion . '/' expresion  (20)
	expresion : expresion . '%' expresion  (21)
	expresion : expresion . '+' expresion  (22)
	expresion : expresion . '-' expresion  (23)
	expresion : expresion . '>' expresion  (24)
	expresion : expresion . MAYOR_IGUAL expresion  (25)
	expresion : expresion . '<' expresion  (26)
	expresion : expresion . MENOR_IGUAL expresion  (27)
	expresion : expresion . DISTINTO expresion  (28)
	expresion : expresion . IGUAL_IGUAL expresion  (29)
	expresion : expresion . AND expresion  (30)
	expresion : expresion . OR expresion  (31)
	sentencia_modificarValorConcreto : expresion MAS_IGUAL expresion . ';'  (55)

	DISTINTO  shift 90
	MENOR_IGUAL  shift 91
	MAYOR_IGUAL  shift 92
	IGUAL_IGUAL  shift 93
	AND  shift 94
	OR  shift 95
	'>'  shift 103
	'<'  shift 104
	'+'  shift 105
	'-'  shift 106
	'*'  shift 107
	'/'  shift 108
	'%'  shift 109
	'['  shift 110
	'.'  shift 111
	';'  shift 154
	.  error


state 133
	expresion : expresion . '.' ID  (15)
	expresion : expresion . '[' expresion ']'  (16)
	expresion : expresion . '*' expresion  (19)
	expresion : expresion . '/' expresion  (20)
	expresion : expresion . '%' expresion  (21)
	expresion : expresion . '+' expresion  (22)
	expresion : expresion . '-' expresion  (23)
	expresion : expresion . '>' expresion  (24)
	expresion : expresion . MAYOR_IGUAL expresion  (25)
	expresion : expresion . '<' expresion  (26)
	expresion : expresion . MENOR_IGUAL expresion  (27)
	expresion : expresion . DISTINTO expresion  (28)
	expresion : expresion . IGUAL_IGUAL expresion  (29)
	expresion : expresion . AND expresion  (30)
	expresion : expresion . OR expresion  (31)
	sentencia_modificarValorConcreto : expresion MENOS_IGUAL expresion . ';'  (56)

	DISTINTO  shift 90
	MENOR_IGUAL  shift 91
	MAYOR_IGUAL  shift 92
	IGUAL_IGUAL  shift 93
	AND  shift 94
	OR  shift 95
	'>'  shift 103
	'<'  shift 104
	'+'  shift 105
	'-'  shift 106
	'*'  shift 107
	'/'  shift 108
	'%'  shift 109
	'['  shift 110
	'.'  shift 111
	';'  shift 155
	.  error


state 134
	expresion : expresion . '.' ID  (15)
	expresion : expresion . '[' expresion ']'  (16)
	expresion : expresion . '*' expresion  (19)
	expresion : expresion . '/' expresion  (20)
	expresion : expresion . '%' expresion  (21)
	expresion : expresion . '+' expresion  (22)
	expresion : expresion . '-' expresion  (23)
	expresion : expresion . '>' expresion  (24)
	expresion : expresion . MAYOR_IGUAL expresion  (25)
	expresion : expresion . '<' expresion  (26)
	expresion : expresion . MENOR_IGUAL expresion  (27)
	expresion : expresion . DISTINTO expresion  (28)
	expresion : expresion . IGUAL_IGUAL expresion  (29)
	expresion : expresion . AND expresion  (30)
	expresion : expresion . OR expresion  (31)
	sentencia_modificarValorConcreto : expresion MUL_IGUAL expresion . ';'  (57)

	DISTINTO  shift 90
	MENOR_IGUAL  shift 91
	MAYOR_IGUAL  shift 92
	IGUAL_IGUAL  shift 93
	AND  shift 94
	OR  shift 95
	'>'  shift 103
	'<'  shift 104
	'+'  shift 105
	'-'  shift 106
	'*'  shift 107
	'/'  shift 108
	'%'  shift 109
	'['  shift 110
	'.'  shift 111
	';'  shift 156
	.  error


state 135
	expresion : expresion . '.' ID  (15)
	expresion : expresion . '[' expresion ']'  (16)
	expresion : expresion . '*' expresion  (19)
	expresion : expresion . '/' expresion  (20)
	expresion : expresion . '%' expresion  (21)
	expresion : expresion . '+' expresion  (22)
	expresion : expresion . '-' expresion  (23)
	expresion : expresion . '>' expresion  (24)
	expresion : expresion . MAYOR_IGUAL expresion  (25)
	expresion : expresion . '<' expresion  (26)
	expresion : expresion . MENOR_IGUAL expresion  (27)
	expresion : expresion . DISTINTO expresion  (28)
	expresion : expresion . IGUAL_IGUAL expresion  (29)
	expresion : expresion . AND expresion  (30)
	expresion : expresion . OR expresion  (31)
	sentencia_modificarValorConcreto : expresion DIV_IGUAL expresion . ';'  (58)

	DISTINTO  shift 90
	MENOR_IGUAL  shift 91
	MAYOR_IGUAL  shift 92
	IGUAL_IGUAL  shift 93
	AND  shift 94
	OR  shift 95
	'>'  shift 103
	'<'  shift 104
	'+'  shift 105
	'-'  shift 106
	'*'  shift 107
	'/'  shift 108
	'%'  shift 109
	'['  shift 110
	'.'  shift 111
	';'  shift 157
	.  error


state 136
	expresion : expresion . '.' ID  (15)
	expresion : expresion . '[' expresion ']'  (16)
	expresion : expresion . '*' expresion  (19)
	expresion : expresion . '/' expresion  (20)
	expresion : expresion . '%' expresion  (21)
	expresion : expresion . '+' expresion  (22)
	expresion : expresion . '-' expresion  (23)
	expresion : expresion . '>' expresion  (24)
	expresion : expresion . MAYOR_IGUAL expresion  (25)
	expresion : expresion . '<' expresion  (26)
	expresion : expresion . MENOR_IGUAL expresion  (27)
	expresion : expresion . DISTINTO expresion  (28)
	expresion : expresion . IGUAL_IGUAL expresion  (29)
	expresion : expresion . AND expresion  (30)
	expresion : expresion . OR expresion  (31)
	sentencia_asignacion : expresion '=' expresion . ';'  (45)

	DISTINTO  shift 90
	MENOR_IGUAL  shift 91
	MAYOR_IGUAL  shift 92
	IGUAL_IGUAL  shift 93
	AND  shift 94
	OR  shift 95
	'>'  shift 103
	'<'  shift 104
	'+'  shift 105
	'-'  shift 106
	'*'  shift 107
	'/'  shift 108
	'%'  shift 109
	'['  shift 110
	'.'  shift 111
	';'  shift 158
	.  error


state 137
	expresion : expresion . '.' ID  (15)
	expresion : expresion . '[' expresion ']'  (16)
	expresion : expresion . '*' expresion  (19)
	expresion : expresion . '/' expresion  (20)
	expresion : expresion . '%' expresion  (21)
	expresion : expresion . '+' expresion  (22)
	expresion : expresion . '-' expresion  (23)
	expresion : expresion . '>' expresion  (24)
	expresion : expresion '>' expresion .  (24)
	expresion : expresion . MAYOR_IGUAL expresion  (25)
	expresion : expresion . '<' expresion  (26)
	expresion : expresion . MENOR_IGUAL expresion  (27)
	expresion : expresion . DISTINTO expresion  (28)
	expresion : expresion . IGUAL_IGUAL expresion  (29)
	expresion : expresion . AND expresion  (30)
	expresion : expresion . OR expresion  (31)

	'+'  shift 105
	'-'  shift 106
	'*'  shift 107
	'/'  shift 108
	'%'  shift 109
	'['  shift 110
	'.'  shift 111
	DISTINTO  reduce 24
	MENOR_IGUAL  reduce 24
	MAYOR_IGUAL  reduce 24
	IGUAL_IGUAL  reduce 24
	AND  reduce 24
	OR  reduce 24
	MAS_MAS  reduce 24
	MENOS_MENOS  reduce 24
	MAS_IGUAL  reduce 24
	MENOS_IGUAL  reduce 24
	MUL_IGUAL  reduce 24
	DIV_IGUAL  reduce 24
	'='  reduce 24
	'>'  reduce 24
	'<'  reduce 24
	']'  reduce 24
	')'  reduce 24
	'{'  reduce 24
	','  reduce 24
	';'  reduce 24


state 138
	expresion : expresion . '.' ID  (15)
	expresion : expresion . '[' expresion ']'  (16)
	expresion : expresion . '*' expresion  (19)
	expresion : expresion . '/' expresion  (20)
	expresion : expresion . '%' expresion  (21)
	expresion : expresion . '+' expresion  (22)
	expresion : expresion . '-' expresion  (23)
	expresion : expresion . '>' expresion  (24)
	expresion : expresion . MAYOR_IGUAL expresion  (25)
	expresion : expresion . '<' expresion  (26)
	expresion : expresion '<' expresion .  (26)
	expresion : expresion . MENOR_IGUAL expresion  (27)
	expresion : expresion . DISTINTO expresion  (28)
	expresion : expresion . IGUAL_IGUAL expresion  (29)
	expresion : expresion . AND expresion  (30)
	expresion : expresion . OR expresion  (31)

	'+'  shift 105
	'-'  shift 106
	'*'  shift 107
	'/'  shift 108
	'%'  shift 109
	'['  shift 110
	'.'  shift 111
	DISTINTO  reduce 26
	MENOR_IGUAL  reduce 26
	MAYOR_IGUAL  reduce 26
	IGUAL_IGUAL  reduce 26
	AND  reduce 26
	OR  reduce 26
	MAS_MAS  reduce 26
	MENOS_MENOS  reduce 26
	MAS_IGUAL  reduce 26
	MENOS_IGUAL  reduce 26
	MUL_IGUAL  reduce 26
	DIV_IGUAL  reduce 26
	'='  reduce 26
	'>'  reduce 26
	'<'  reduce 26
	']'  reduce 26
	')'  reduce 26
	'{'  reduce 26
	','  reduce 26
	';'  reduce 26


state 139
	expresion : expresion . '.' ID  (15)
	expresion : expresion . '[' expresion ']'  (16)
	expresion : expresion . '*' expresion  (19)
	expresion : expresion . '/' expresion  (20)
	expresion : expresion . '%' expresion  (21)
	expresion : expresion . '+' expresion  (22)
	expresion : expresion '+' expresion .  (22)
	expresion : expresion . '-' expresion  (23)
	expresion : expresion . '>' expresion  (24)
	expresion : expresion . MAYOR_IGUAL expresion  (25)
	expresion : expresion . '<' expresion  (26)
	expresion : expresion . MENOR_IGUAL expresion  (27)
	expresion : expresion . DISTINTO expresion  (28)
	expresion : expresion . IGUAL_IGUAL expresion  (29)
	expresion : expresion . AND expresion  (30)
	expresion : expresion . OR expresion  (31)

	'*'  shift 107
	'/'  shift 108
	'%'  shift 109
	'['  shift 110
	'.'  shift 111
	DISTINTO  reduce 22
	MENOR_IGUAL  reduce 22
	MAYOR_IGUAL  reduce 22
	IGUAL_IGUAL  reduce 22
	AND  reduce 22
	OR  reduce 22
	MAS_MAS  reduce 22
	MENOS_MENOS  reduce 22
	MAS_IGUAL  reduce 22
	MENOS_IGUAL  reduce 22
	MUL_IGUAL  reduce 22
	DIV_IGUAL  reduce 22
	'='  reduce 22
	'>'  reduce 22
	'<'  reduce 22
	'+'  reduce 22
	'-'  reduce 22
	']'  reduce 22
	')'  reduce 22
	'{'  reduce 22
	','  reduce 22
	';'  reduce 22


state 140
	expresion : expresion . '.' ID  (15)
	expresion : expresion . '[' expresion ']'  (16)
	expresion : expresion . '*' expresion  (19)
	expresion : expresion . '/' expresion  (20)
	expresion : expresion . '%' expresion  (21)
	expresion : expresion . '+' expresion  (22)
	expresion : expresion . '-' expresion  (23)
	expresion : expresion '-' expresion .  (23)
	expresion : expresion . '>' expresion  (24)
	expresion : expresion . MAYOR_IGUAL expresion  (25)
	expresion : expresion . '<' expresion  (26)
	expresion : expresion . MENOR_IGUAL expresion  (27)
	expresion : expresion . DISTINTO expresion  (28)
	expresion : expresion . IGUAL_IGUAL expresion  (29)
	expresion : expresion . AND expresion  (30)
	expresion : expresion . OR expresion  (31)

	'*'  shift 107
	'/'  shift 108
	'%'  shift 109
	'['  shift 110
	'.'  shift 111
	DISTINTO  reduce 23
	MENOR_IGUAL  reduce 23
	MAYOR_IGUAL  reduce 23
	IGUAL_IGUAL  reduce 23
	AND  reduce 23
	OR  reduce 23
	MAS_MAS  reduce 23
	MENOS_MENOS  reduce 23
	MAS_IGUAL  reduce 23
	MENOS_IGUAL  reduce 23
	MUL_IGUAL  reduce 23
	DIV_IGUAL  reduce 23
	'='  reduce 23
	'>'  reduce 23
	'<'  reduce 23
	'+'  reduce 23
	'-'  reduce 23
	']'  reduce 23
	')'  reduce 23
	'{'  reduce 23
	','  reduce 23
	';'  reduce 23


state 141
	expresion : expresion . '.' ID  (15)
	expresion : expresion . '[' expresion ']'  (16)
	expresion : expresion . '*' expresion  (19)
	expresion : expresion '*' expresion .  (19)
	expresion : expresion . '/' expresion  (20)
	expresion : expresion . '%' expresion  (21)
	expresion : expresion . '+' expresion  (22)
	expresion : expresion . '-' expresion  (23)
	expresion : expresion . '>' expresion  (24)
	expresion : expresion . MAYOR_IGUAL expresion  (25)
	expresion : expresion . '<' expresion  (26)
	expresion : expresion . MENOR_IGUAL expresion  (27)
	expresion : expresion . DISTINTO expresion  (28)
	expresion : expresion . IGUAL_IGUAL expresion  (29)
	expresion : expresion . AND expresion  (30)
	expresion : expresion . OR expresion  (31)

	'['  shift 110
	'.'  shift 111
	DISTINTO  reduce 19
	MENOR_IGUAL  reduce 19
	MAYOR_IGUAL  reduce 19
	IGUAL_IGUAL  reduce 19
	AND  reduce 19
	OR  reduce 19
	MAS_MAS  reduce 19
	MENOS_MENOS  reduce 19
	MAS_IGUAL  reduce 19
	MENOS_IGUAL  reduce 19
	MUL_IGUAL  reduce 19
	DIV_IGUAL  reduce 19
	'='  reduce 19
	'>'  reduce 19
	'<'  reduce 19
	'+'  reduce 19
	'-'  reduce 19
	'*'  reduce 19
	'/'  reduce 19
	'%'  reduce 19
	']'  reduce 19
	')'  reduce 19
	'{'  reduce 19
	','  reduce 19
	';'  reduce 19


state 142
	expresion : expresion . '.' ID  (15)
	expresion : expresion . '[' expresion ']'  (16)
	expresion : expresion . '*' expresion  (19)
	expresion : expresion . '/' expresion  (20)
	expresion : expresion '/' expresion .  (20)
	expresion : expresion . '%' expresion  (21)
	expresion : expresion . '+' expresion  (22)
	expresion : expresion . '-' expresion  (23)
	expresion : expresion . '>' expresion  (24)
	expresion : expresion . MAYOR_IGUAL expresion  (25)
	expresion : expresion . '<' expresion  (26)
	expresion : expresion . MENOR_IGUAL expresion  (27)
	expresion : expresion . DISTINTO expresion  (28)
	expresion : expresion . IGUAL_IGUAL expresion  (29)
	expresion : expresion . AND expresion  (30)
	expresion : expresion . OR expresion  (31)

	'['  shift 110
	'.'  shift 111
	DISTINTO  reduce 20
	MENOR_IGUAL  reduce 20
	MAYOR_IGUAL  reduce 20
	IGUAL_IGUAL  reduce 20
	AND  reduce 20
	OR  reduce 20
	MAS_MAS  reduce 20
	MENOS_MENOS  reduce 20
	MAS_IGUAL  reduce 20
	MENOS_IGUAL  reduce 20
	MUL_IGUAL  reduce 20
	DIV_IGUAL  reduce 20
	'='  reduce 20
	'>'  reduce 20
	'<'  reduce 20
	'+'  reduce 20
	'-'  reduce 20
	'*'  reduce 20
	'/'  reduce 20
	'%'  reduce 20
	']'  reduce 20
	')'  reduce 20
	'{'  reduce 20
	','  reduce 20
	';'  reduce 20


state 143
	expresion : expresion . '.' ID  (15)
	expresion : expresion . '[' expresion ']'  (16)
	expresion : expresion . '*' expresion  (19)
	expresion : expresion . '/' expresion  (20)
	expresion : expresion . '%' expresion  (21)
	expresion : expresion '%' expresion .  (21)
	expresion : expresion . '+' expresion  (22)
	expresion : expresion . '-' expresion  (23)
	expresion : expresion . '>' expresion  (24)
	expresion : expresion . MAYOR_IGUAL expresion  (25)
	expresion : expresion . '<' expresion  (26)
	expresion : expresion . MENOR_IGUAL expresion  (27)
	expresion : expresion . DISTINTO expresion  (28)
	expresion : expresion . IGUAL_IGUAL expresion  (29)
	expresion : expresion . AND expresion  (30)
	expresion : expresion . OR expresion  (31)

	'['  shift 110
	'.'  shift 111
	DISTINTO  reduce 21
	MENOR_IGUAL  reduce 21
	MAYOR_IGUAL  reduce 21
	IGUAL_IGUAL  reduce 21
	AND  reduce 21
	OR  reduce 21
	MAS_MAS  reduce 21
	MENOS_MENOS  reduce 21
	MAS_IGUAL  reduce 21
	MENOS_IGUAL  reduce 21
	MUL_IGUAL  reduce 21
	DIV_IGUAL  reduce 21
	'='  reduce 21
	'>'  reduce 21
	'<'  reduce 21
	'+'  reduce 21
	'-'  reduce 21
	'*'  reduce 21
	'/'  reduce 21
	'%'  reduce 21
	']'  reduce 21
	')'  reduce 21
	'{'  reduce 21
	','  reduce 21
	';'  reduce 21


state 144
	expresion : expresion . '.' ID  (15)
	expresion : expresion . '[' expresion ']'  (16)
	expresion : expresion '[' expresion . ']'  (16)
	expresion : expresion . '*' expresion  (19)
	expresion : expresion . '/' expresion  (20)
	expresion : expresion . '%' expresion  (21)
	expresion : expresion . '+' expresion  (22)
	expresion : expresion . '-' expresion  (23)
	expresion : expresion . '>' expresion  (24)
	expresion : expresion . MAYOR_IGUAL expresion  (25)
	expresion : expresion . '<' expresion  (26)
	expresion : expresion . MENOR_IGUAL expresion  (27)
	expresion : expresion . DISTINTO expresion  (28)
	expresion : expresion . IGUAL_IGUAL expresion  (29)
	expresion : expresion . AND expresion  (30)
	expresion : expresion . OR expresion  (31)

	DISTINTO  shift 90
	MENOR_IGUAL  shift 91
	MAYOR_IGUAL  shift 92
	IGUAL_IGUAL  shift 93
	AND  shift 94
	OR  shift 95
	'>'  shift 103
	'<'  shift 104
	'+'  shift 105
	'-'  shift 106
	'*'  shift 107
	'/'  shift 108
	'%'  shift 109
	'['  shift 110
	']'  shift 159
	'.'  shift 111
	.  error


state 145
	expresion : expresion '.' ID .  (15)

	.  reduce 15


state 146
	expresion : expresion . '.' ID  (15)
	expresion : expresion . '[' expresion ']'  (16)
	expresion : expresion . '*' expresion  (19)
	expresion : expresion . '/' expresion  (20)
	expresion : expresion . '%' expresion  (21)
	expresion : expresion . '+' expresion  (22)
	expresion : expresion . '-' expresion  (23)
	expresion : expresion . '>' expresion  (24)
	expresion : expresion . MAYOR_IGUAL expresion  (25)
	expresion : expresion . '<' expresion  (26)
	expresion : expresion . MENOR_IGUAL expresion  (27)
	expresion : expresion . DISTINTO expresion  (28)
	expresion : expresion . IGUAL_IGUAL expresion  (29)
	expresion : expresion . AND expresion  (30)
	expresion : expresion . OR expresion  (31)
	expresion : tipo '(' expresion . ')'  (32)

	DISTINTO  shift 90
	MENOR_IGUAL  shift 91
	MAYOR_IGUAL  shift 92
	IGUAL_IGUAL  shift 93
	AND  shift 94
	OR  shift 95
	'>'  shift 103
	'<'  shift 104
	'+'  shift 105
	'-'  shift 106
	'*'  shift 107
	'/'  shift 108
	'%'  shift 109
	'['  shift 110
	'.'  shift 111
	')'  shift 160
	.  error


state 147
	expresion : ID '(' lista_expresiones . ')'  (33)

	')'  shift 161
	.  error


state 148
	lista_sentencias : lista_sentencias . sentencia  (35)
	sentencia_if : IF expresion '{' lista_sentencias . '}'  (46)
	sentencia_if : IF expresion '{' lista_sentencias . '}' ELSE '{' lista_sentencias '}'  (47)

	CTE_ENTERA  shift 55
	IF  shift 56
	CTE_CARACTER  shift 57
	ID  shift 58
	WRITE  shift 59
	CTE_REAL  shift 60
	STRUCT  shift 14
	WHILE  shift 61
	FLOAT32  shift 15
	INT  shift 16
	RETURN  shift 62
	CHAR  shift 17
	READ  shift 63
	'-'  shift 64
	'!'  shift 65
	'['  shift 18
	'('  shift 66
	'}'  shift 162
	.  error

	expresion  goto 67
	tipo  goto 68
	sentencia  goto 69
	sentencia_if  goto 70
	sentencia_while  goto 71
	sentencia_write  goto 72
	sentencia_read  goto 73
	sentencia_asignacion  goto 74
	sentencia_return  goto 75
	sentencia_invocacion  goto 76
	sentencia_modificarValor  goto 77
	sentencia_modificarValorConcreto  goto 78


state 149
	expresion : ID '(' lista_expresiones ')' .  (33)
	sentencia_invocacion : ID '(' lista_expresiones ')' . ';'  (52)

	';'  shift 163
	DISTINTO  reduce 33
	MENOR_IGUAL  reduce 33
	MAYOR_IGUAL  reduce 33
	IGUAL_IGUAL  reduce 33
	AND  reduce 33
	OR  reduce 33
	MAS_MAS  reduce 33
	MENOS_MENOS  reduce 33
	MAS_IGUAL  reduce 33
	MENOS_IGUAL  reduce 33
	MUL_IGUAL  reduce 33
	DIV_IGUAL  reduce 33
	'='  reduce 33
	'>'  reduce 33
	'<'  reduce 33
	'+'  reduce 33
	'-'  reduce 33
	'*'  reduce 33
	'/'  reduce 33
	'%'  reduce 33
	'['  reduce 33
	'.'  reduce 33


state 150
	lista_expresionesP : lista_expresionesP ',' . expresion  (9)

	CTE_ENTERA  shift 55
	CTE_CARACTER  shift 57
	ID  shift 80
	CTE_REAL  shift 60
	STRUCT  shift 14
	FLOAT32  shift 15
	INT  shift 16
	CHAR  shift 17
	'-'  shift 64
	'!'  shift 65
	'['  shift 18
	'('  shift 66
	.  error

	expresion  goto 164
	tipo  goto 68


state 151
	sentencia_write : WRITE '(' lista_expresiones ')' . ';'  (49)

	';'  shift 165
	.  error


state 152
	lista_sentencias : lista_sentencias . sentencia  (35)
	sentencia_while : WHILE expresion '{' lista_sentencias . '}'  (48)

	CTE_ENTERA  shift 55
	IF  shift 56
	CTE_CARACTER  shift 57
	ID  shift 58
	WRITE  shift 59
	CTE_REAL  shift 60
	STRUCT  shift 14
	WHILE  shift 61
	FLOAT32  shift 15
	INT  shift 16
	RETURN  shift 62
	CHAR  shift 17
	READ  shift 63
	'-'  shift 64
	'!'  shift 65
	'['  shift 18
	'('  shift 66
	'}'  shift 166
	.  error

	expresion  goto 67
	tipo  goto 68
	sentencia  goto 69
	sentencia_if  goto 70
	sentencia_while  goto 71
	sentencia_write  goto 72
	sentencia_read  goto 73
	sentencia_asignacion  goto 74
	sentencia_return  goto 75
	sentencia_invocacion  goto 76
	sentencia_modificarValor  goto 77
	sentencia_modificarValorConcreto  goto 78


state 153
	sentencia_read : READ '(' lista_expresiones ')' . ';'  (50)

	';'  shift 167
	.  error


state 154
	sentencia_modificarValorConcreto : expresion MAS_IGUAL expresion ';' .  (55)

	.  reduce 55


state 155
	sentencia_modificarValorConcreto : expresion MENOS_IGUAL expresion ';' .  (56)

	.  reduce 56


state 156
	sentencia_modificarValorConcreto : expresion MUL_IGUAL expresion ';' .  (57)

	.  reduce 57


state 157
	sentencia_modificarValorConcreto : expresion DIV_IGUAL expresion ';' .  (58)

	.  reduce 58


state 158
	sentencia_asignacion : expresion '=' expresion ';' .  (45)

	.  reduce 45


state 159
	expresion : expresion '[' expresion ']' .  (16)

	.  reduce 16


state 160
	expresion : tipo '(' expresion ')' .  (32)

	.  reduce 32


state 161
	expresion : ID '(' lista_expresiones ')' .  (33)

	.  reduce 33


state 162
	sentencia_if : IF expresion '{' lista_sentencias '}' .  (46)
	sentencia_if : IF expresion '{' lista_sentencias '}' . ELSE '{' lista_sentencias '}'  (47)

	ELSE  shift 168
	CTE_ENTERA  reduce 46
	IF  reduce 46
	CTE_CARACTER  reduce 46
	ID  reduce 46
	WRITE  reduce 46
	CTE_REAL  reduce 46
	STRUCT  reduce 46
	WHILE  reduce 46
	FLOAT32  reduce 46
	INT  reduce 46
	RETURN  reduce 46
	CHAR  reduce 46
	READ  reduce 46
	'-'  reduce 46
	'!'  reduce 46
	'['  reduce 46
	'('  reduce 46
	'}'  reduce 46


state 163
	sentencia_invocacion : ID '(' lista_expresiones ')' ';' .  (52)

	.  reduce 52


state 164
	lista_expresionesP : lista_expresionesP ',' expresion .  (9)
	expresion : expresion . '.' ID  (15)
	expresion : expresion . '[' expresion ']'  (16)
	expresion : expresion . '*' expresion  (19)
	expresion : expresion . '/' expresion  (20)
	expresion : expresion . '%' expresion  (21)
	expresion : expresion . '+' expresion  (22)
	expresion : expresion . '-' expresion  (23)
	expresion : expresion . '>' expresion  (24)
	expresion : expresion . MAYOR_IGUAL expresion  (25)
	expresion : expresion . '<' expresion  (26)
	expresion : expresion . MENOR_IGUAL expresion  (27)
	expresion : expresion . DISTINTO expresion  (28)
	expresion : expresion . IGUAL_IGUAL expresion  (29)
	expresion : expresion . AND expresion  (30)
	expresion : expresion . OR expresion  (31)

	DISTINTO  shift 90
	MENOR_IGUAL  shift 91
	MAYOR_IGUAL  shift 92
	IGUAL_IGUAL  shift 93
	AND  shift 94
	OR  shift 95
	'>'  shift 103
	'<'  shift 104
	'+'  shift 105
	'-'  shift 106
	'*'  shift 107
	'/'  shift 108
	'%'  shift 109
	'['  shift 110
	'.'  shift 111
	')'  reduce 9
	','  reduce 9


state 165
	sentencia_write : WRITE '(' lista_expresiones ')' ';' .  (49)

	.  reduce 49


state 166
	sentencia_while : WHILE expresion '{' lista_sentencias '}' .  (48)

	.  reduce 48


state 167
	sentencia_read : READ '(' lista_expresiones ')' ';' .  (50)

	.  reduce 50


state 168
	sentencia_if : IF expresion '{' lista_sentencias '}' ELSE . '{' lista_sentencias '}'  (47)

	'{'  shift 169
	.  error


state 169
	sentencia_if : IF expresion '{' lista_sentencias '}' ELSE '{' . lista_sentencias '}'  (47)
	lista_sentencias : .  (34)

	.  reduce 34

	lista_sentencias  goto 170


state 170
	lista_sentencias : lista_sentencias . sentencia  (35)
	sentencia_if : IF expresion '{' lista_sentencias '}' ELSE '{' lista_sentencias . '}'  (47)

	CTE_ENTERA  shift 55
	IF  shift 56
	CTE_CARACTER  shift 57
	ID  shift 58
	WRITE  shift 59
	CTE_REAL  shift 60
	STRUCT  shift 14
	WHILE  shift 61
	FLOAT32  shift 15
	INT  shift 16
	RETURN  shift 62
	CHAR  shift 17
	READ  shift 63
	'-'  shift 64
	'!'  shift 65
	'['  shift 18
	'('  shift 66
	'}'  shift 171
	.  error

	expresion  goto 67
	tipo  goto 68
	sentencia  goto 69
	sentencia_if  goto 70
	sentencia_while  goto 71
	sentencia_write  goto 72
	sentencia_read  goto 73
	sentencia_asignacion  goto 74
	sentencia_return  goto 75
	sentencia_invocacion  goto 76
	sentencia_modificarValor  goto 77
	sentencia_modificarValorConcreto  goto 78


state 171
	sentencia_if : IF expresion '{' lista_sentencias '}' ELSE '{' lista_sentencias '}' .  (47)

	.  reduce 47


51 terminals, 30 nonterminals
83 grammar rules, 172 states
