   0  $accept : programa $end

   1  programa : lista_definiciones FUNC MAIN '(' ')' '{' lista_variables lista_sentencias '}'

   2  lista_definiciones :
   3                     | lista_definiciones definicion

   4  definicion : definicion_funcion
   5             | definicion_variable

   6  lista_expresiones :
   7                    | lista_expresionesP

   8  lista_expresionesP : expresion
   9                     | lista_expresionesP ',' expresion

  10  expresion : CTE_ENTERA
  11            | CTE_REAL
  12            | CTE_CARACTER
  13            | ID
  14            | '(' expresion ')'
  15            | expresion '.' ID
  16            | expresion '[' expresion ']'
  17            | '-' expresion
  18            | '!' expresion
  19            | expresion '*' expresion
  20            | expresion '/' expresion
  21            | expresion '%' expresion
  22            | expresion '+' expresion
  23            | expresion '-' expresion
  24            | expresion '>' expresion
  25            | expresion MAYOR_IGUAL expresion
  26            | expresion '<' expresion
  27            | expresion MENOR_IGUAL expresion
  28            | expresion DISTINTO expresion
  29            | expresion IGUAL_IGUAL expresion
  30            | expresion AND expresion
  31            | expresion OR expresion
  32            | tipo '(' expresion ')'
  33            | ID '(' lista_expresiones ')'

  34  lista_sentencias :
  35                   | lista_sentencias sentencia

  36  sentencia : sentencia_if
  37            | sentencia_else
  38            | sentencia_while
  39            | sentencia_write
  40            | sentencia_read
  41            | sentencia_asignacion
  42            | sentencia_return
  43            | sentencia_invocacion

  44  sentencia_asignacion : expresion '=' expresion ';'

  45  sentencia_if : IF expresion '{' lista_sentencias '}'

  46  sentencia_else : ELSE '{' lista_sentencias '}'

  47  sentencia_while : WHILE expresion '{' lista_sentencias '}'

  48  sentencia_write : WRITE '(' lista_expresiones ')' ';'

  49  sentencia_read : READ '(' lista_expresiones ')' ';'

  50  sentencia_return : RETURN expresion ';'

  51  sentencia_invocacion : ID '(' lista_expresiones ')' ';'

  52  lista_variables :
  53                  | lista_variables definicion_variable

  54  definicion_variable : VAR identificadores tipo ';'

  55  identificadores : ID
  56                  | identificadores ',' ID

  57  campo : identificadores tipo ';'

  58  lista_campos : campo
  59               | lista_campos campo

  60  tipo : INT
  61       | FLOAT32
  62       | CHAR
  63       | '[' CTE_ENTERA ']' tipo
  64       | STRUCT '{' lista_campos '}'

  65  definicion_funcion : FUNC ID '(' lista_parametros ')' retorno '{' lista_variables lista_sentencias '}'

  66  tipoSimple : INT
  67             | FLOAT32
  68             | CHAR

  69  retorno :
  70          | tipoSimple

  71  lista_parametros :
  72                   | lista_parametrosP

  73  lista_parametrosP : ID tipoSimple
  74                    | lista_parametrosP ',' ID tipoSimple

state 0
	$accept : . programa $end  (0)
	lista_definiciones : .  (2)

	.  reduce 2

	programa  goto 1
	lista_definiciones  goto 2


state 1
	$accept : programa . $end  (0)

	$end  accept


state 2
	programa : lista_definiciones . FUNC MAIN '(' ')' '{' lista_variables lista_sentencias '}'  (1)
	lista_definiciones : lista_definiciones . definicion  (3)

	FUNC  shift 3
	VAR  shift 4
	.  error

	definicion  goto 5
	definicion_funcion  goto 6
	definicion_variable  goto 7


state 3
	programa : lista_definiciones FUNC . MAIN '(' ')' '{' lista_variables lista_sentencias '}'  (1)
	definicion_funcion : FUNC . ID '(' lista_parametros ')' retorno '{' lista_variables lista_sentencias '}'  (65)

	MAIN  shift 8
	ID  shift 9
	.  error


state 4
	definicion_variable : VAR . identificadores tipo ';'  (54)

	ID  shift 10
	.  error

	identificadores  goto 11


state 5
	lista_definiciones : lista_definiciones definicion .  (3)

	.  reduce 3


state 6
	definicion : definicion_funcion .  (4)

	.  reduce 4


state 7
	definicion : definicion_variable .  (5)

	.  reduce 5


state 8
	programa : lista_definiciones FUNC MAIN . '(' ')' '{' lista_variables lista_sentencias '}'  (1)

	'('  shift 12
	.  error


state 9
	definicion_funcion : FUNC ID . '(' lista_parametros ')' retorno '{' lista_variables lista_sentencias '}'  (65)

	'('  shift 13
	.  error


state 10
	identificadores : ID .  (55)

	.  reduce 55


state 11
	definicion_variable : VAR identificadores . tipo ';'  (54)
	identificadores : identificadores . ',' ID  (56)

	STRUCT  shift 14
	FLOAT32  shift 15
	INT  shift 16
	CHAR  shift 17
	'['  shift 18
	','  shift 19
	.  error

	tipo  goto 20


state 12
	programa : lista_definiciones FUNC MAIN '(' . ')' '{' lista_variables lista_sentencias '}'  (1)

	')'  shift 21
	.  error


state 13
	definicion_funcion : FUNC ID '(' . lista_parametros ')' retorno '{' lista_variables lista_sentencias '}'  (65)
	lista_parametros : .  (71)

	ID  shift 22
	')'  reduce 71

	lista_parametros  goto 23
	lista_parametrosP  goto 24


state 14
	tipo : STRUCT . '{' lista_campos '}'  (64)

	'{'  shift 25
	.  error


state 15
	tipo : FLOAT32 .  (61)

	.  reduce 61


state 16
	tipo : INT .  (60)

	.  reduce 60


state 17
	tipo : CHAR .  (62)

	.  reduce 62


state 18
	tipo : '[' . CTE_ENTERA ']' tipo  (63)

	CTE_ENTERA  shift 26
	.  error


state 19
	identificadores : identificadores ',' . ID  (56)

	ID  shift 27
	.  error


state 20
	definicion_variable : VAR identificadores tipo . ';'  (54)

	';'  shift 28
	.  error


state 21
	programa : lista_definiciones FUNC MAIN '(' ')' . '{' lista_variables lista_sentencias '}'  (1)

	'{'  shift 29
	.  error


state 22
	lista_parametrosP : ID . tipoSimple  (73)

	FLOAT32  shift 30
	INT  shift 31
	CHAR  shift 32
	.  error

	tipoSimple  goto 33


state 23
	definicion_funcion : FUNC ID '(' lista_parametros . ')' retorno '{' lista_variables lista_sentencias '}'  (65)

	')'  shift 34
	.  error


state 24
	lista_parametros : lista_parametrosP .  (72)
	lista_parametrosP : lista_parametrosP . ',' ID tipoSimple  (74)

	','  shift 35
	')'  reduce 72


state 25
	tipo : STRUCT '{' . lista_campos '}'  (64)

	ID  shift 10
	.  error

	identificadores  goto 36
	campo  goto 37
	lista_campos  goto 38


state 26
	tipo : '[' CTE_ENTERA . ']' tipo  (63)

	']'  shift 39
	.  error


state 27
	identificadores : identificadores ',' ID .  (56)

	.  reduce 56


state 28
	definicion_variable : VAR identificadores tipo ';' .  (54)

	.  reduce 54


state 29
	programa : lista_definiciones FUNC MAIN '(' ')' '{' . lista_variables lista_sentencias '}'  (1)
	lista_variables : .  (52)

	.  reduce 52

	lista_variables  goto 40


state 30
	tipoSimple : FLOAT32 .  (67)

	.  reduce 67


state 31
	tipoSimple : INT .  (66)

	.  reduce 66


state 32
	tipoSimple : CHAR .  (68)

	.  reduce 68


state 33
	lista_parametrosP : ID tipoSimple .  (73)

	.  reduce 73


state 34
	definicion_funcion : FUNC ID '(' lista_parametros ')' . retorno '{' lista_variables lista_sentencias '}'  (65)
	retorno : .  (69)

	FLOAT32  shift 30
	INT  shift 31
	CHAR  shift 32
	'{'  reduce 69

	retorno  goto 41
	tipoSimple  goto 42


state 35
	lista_parametrosP : lista_parametrosP ',' . ID tipoSimple  (74)

	ID  shift 43
	.  error


state 36
	identificadores : identificadores . ',' ID  (56)
	campo : identificadores . tipo ';'  (57)

	STRUCT  shift 14
	FLOAT32  shift 15
	INT  shift 16
	CHAR  shift 17
	'['  shift 18
	','  shift 19
	.  error

	tipo  goto 44


state 37
	lista_campos : campo .  (58)

	.  reduce 58


state 38
	lista_campos : lista_campos . campo  (59)
	tipo : STRUCT '{' lista_campos . '}'  (64)

	ID  shift 10
	'}'  shift 45
	.  error

	identificadores  goto 36
	campo  goto 46


state 39
	tipo : '[' CTE_ENTERA ']' . tipo  (63)

	STRUCT  shift 14
	FLOAT32  shift 15
	INT  shift 16
	CHAR  shift 17
	'['  shift 18
	.  error

	tipo  goto 47


state 40
	programa : lista_definiciones FUNC MAIN '(' ')' '{' lista_variables . lista_sentencias '}'  (1)
	lista_variables : lista_variables . definicion_variable  (53)
	lista_sentencias : .  (34)

	VAR  shift 4
	CTE_ENTERA  reduce 34
	IF  reduce 34
	CTE_CARACTER  reduce 34
	ID  reduce 34
	ELSE  reduce 34
	WRITE  reduce 34
	CTE_REAL  reduce 34
	STRUCT  reduce 34
	WHILE  reduce 34
	FLOAT32  reduce 34
	INT  reduce 34
	RETURN  reduce 34
	CHAR  reduce 34
	READ  reduce 34
	'-'  reduce 34
	'!'  reduce 34
	'['  reduce 34
	'('  reduce 34
	'}'  reduce 34

	lista_sentencias  goto 48
	definicion_variable  goto 49


state 41
	definicion_funcion : FUNC ID '(' lista_parametros ')' retorno . '{' lista_variables lista_sentencias '}'  (65)

	'{'  shift 50
	.  error


state 42
	retorno : tipoSimple .  (70)

	.  reduce 70


state 43
	lista_parametrosP : lista_parametrosP ',' ID . tipoSimple  (74)

	FLOAT32  shift 30
	INT  shift 31
	CHAR  shift 32
	.  error

	tipoSimple  goto 51


state 44
	campo : identificadores tipo . ';'  (57)

	';'  shift 52
	.  error


state 45
	tipo : STRUCT '{' lista_campos '}' .  (64)

	.  reduce 64


state 46
	lista_campos : lista_campos campo .  (59)

	.  reduce 59


state 47
	tipo : '[' CTE_ENTERA ']' tipo .  (63)

	.  reduce 63


state 48
	programa : lista_definiciones FUNC MAIN '(' ')' '{' lista_variables lista_sentencias . '}'  (1)
	lista_sentencias : lista_sentencias . sentencia  (35)

	CTE_ENTERA  shift 53
	IF  shift 54
	CTE_CARACTER  shift 55
	ID  shift 56
	ELSE  shift 57
	WRITE  shift 58
	CTE_REAL  shift 59
	STRUCT  shift 14
	WHILE  shift 60
	FLOAT32  shift 15
	INT  shift 16
	RETURN  shift 61
	CHAR  shift 17
	READ  shift 62
	'-'  shift 63
	'!'  shift 64
	'['  shift 18
	'('  shift 65
	'}'  shift 66
	.  error

	expresion  goto 67
	tipo  goto 68
	sentencia  goto 69
	sentencia_if  goto 70
	sentencia_else  goto 71
	sentencia_while  goto 72
	sentencia_write  goto 73
	sentencia_read  goto 74
	sentencia_asignacion  goto 75
	sentencia_return  goto 76
	sentencia_invocacion  goto 77


state 49
	lista_variables : lista_variables definicion_variable .  (53)

	.  reduce 53


state 50
	definicion_funcion : FUNC ID '(' lista_parametros ')' retorno '{' . lista_variables lista_sentencias '}'  (65)
	lista_variables : .  (52)

	.  reduce 52

	lista_variables  goto 78


state 51
	lista_parametrosP : lista_parametrosP ',' ID tipoSimple .  (74)

	.  reduce 74


state 52
	campo : identificadores tipo ';' .  (57)

	.  reduce 57


state 53
	expresion : CTE_ENTERA .  (10)

	.  reduce 10


state 54
	sentencia_if : IF . expresion '{' lista_sentencias '}'  (45)

	CTE_ENTERA  shift 53
	CTE_CARACTER  shift 55
	ID  shift 79
	CTE_REAL  shift 59
	STRUCT  shift 14
	FLOAT32  shift 15
	INT  shift 16
	CHAR  shift 17
	'-'  shift 63
	'!'  shift 64
	'['  shift 18
	'('  shift 65
	.  error

	expresion  goto 80
	tipo  goto 68


state 55
	expresion : CTE_CARACTER .  (12)

	.  reduce 12


state 56
	expresion : ID .  (13)
	expresion : ID . '(' lista_expresiones ')'  (33)
	sentencia_invocacion : ID . '(' lista_expresiones ')' ';'  (51)

	'('  shift 81
	DISTINTO  reduce 13
	MENOR_IGUAL  reduce 13
	MAYOR_IGUAL  reduce 13
	IGUAL_IGUAL  reduce 13
	AND  reduce 13
	OR  reduce 13
	'='  reduce 13
	'>'  reduce 13
	'<'  reduce 13
	'+'  reduce 13
	'-'  reduce 13
	'*'  reduce 13
	'/'  reduce 13
	'%'  reduce 13
	'['  reduce 13
	'.'  reduce 13


state 57
	sentencia_else : ELSE . '{' lista_sentencias '}'  (46)

	'{'  shift 82
	.  error


state 58
	sentencia_write : WRITE . '(' lista_expresiones ')' ';'  (48)

	'('  shift 83
	.  error


state 59
	expresion : CTE_REAL .  (11)

	.  reduce 11


state 60
	sentencia_while : WHILE . expresion '{' lista_sentencias '}'  (47)

	CTE_ENTERA  shift 53
	CTE_CARACTER  shift 55
	ID  shift 79
	CTE_REAL  shift 59
	STRUCT  shift 14
	FLOAT32  shift 15
	INT  shift 16
	CHAR  shift 17
	'-'  shift 63
	'!'  shift 64
	'['  shift 18
	'('  shift 65
	.  error

	expresion  goto 84
	tipo  goto 68


state 61
	sentencia_return : RETURN . expresion ';'  (50)

	CTE_ENTERA  shift 53
	CTE_CARACTER  shift 55
	ID  shift 79
	CTE_REAL  shift 59
	STRUCT  shift 14
	FLOAT32  shift 15
	INT  shift 16
	CHAR  shift 17
	'-'  shift 63
	'!'  shift 64
	'['  shift 18
	'('  shift 65
	.  error

	expresion  goto 85
	tipo  goto 68


state 62
	sentencia_read : READ . '(' lista_expresiones ')' ';'  (49)

	'('  shift 86
	.  error


state 63
	expresion : '-' . expresion  (17)

	CTE_ENTERA  shift 53
	CTE_CARACTER  shift 55
	ID  shift 79
	CTE_REAL  shift 59
	STRUCT  shift 14
	FLOAT32  shift 15
	INT  shift 16
	CHAR  shift 17
	'-'  shift 63
	'!'  shift 64
	'['  shift 18
	'('  shift 65
	.  error

	expresion  goto 87
	tipo  goto 68


state 64
	expresion : '!' . expresion  (18)

	CTE_ENTERA  shift 53
	CTE_CARACTER  shift 55
	ID  shift 79
	CTE_REAL  shift 59
	STRUCT  shift 14
	FLOAT32  shift 15
	INT  shift 16
	CHAR  shift 17
	'-'  shift 63
	'!'  shift 64
	'['  shift 18
	'('  shift 65
	.  error

	expresion  goto 88
	tipo  goto 68


state 65
	expresion : '(' . expresion ')'  (14)

	CTE_ENTERA  shift 53
	CTE_CARACTER  shift 55
	ID  shift 79
	CTE_REAL  shift 59
	STRUCT  shift 14
	FLOAT32  shift 15
	INT  shift 16
	CHAR  shift 17
	'-'  shift 63
	'!'  shift 64
	'['  shift 18
	'('  shift 65
	.  error

	expresion  goto 89
	tipo  goto 68


state 66
	programa : lista_definiciones FUNC MAIN '(' ')' '{' lista_variables lista_sentencias '}' .  (1)

	.  reduce 1


state 67
	expresion : expresion . '.' ID  (15)
	expresion : expresion . '[' expresion ']'  (16)
	expresion : expresion . '*' expresion  (19)
	expresion : expresion . '/' expresion  (20)
	expresion : expresion . '%' expresion  (21)
	expresion : expresion . '+' expresion  (22)
	expresion : expresion . '-' expresion  (23)
	expresion : expresion . '>' expresion  (24)
	expresion : expresion . MAYOR_IGUAL expresion  (25)
	expresion : expresion . '<' expresion  (26)
	expresion : expresion . MENOR_IGUAL expresion  (27)
	expresion : expresion . DISTINTO expresion  (28)
	expresion : expresion . IGUAL_IGUAL expresion  (29)
	expresion : expresion . AND expresion  (30)
	expresion : expresion . OR expresion  (31)
	sentencia_asignacion : expresion . '=' expresion ';'  (44)

	DISTINTO  shift 90
	MENOR_IGUAL  shift 91
	MAYOR_IGUAL  shift 92
	IGUAL_IGUAL  shift 93
	AND  shift 94
	OR  shift 95
	'='  shift 96
	'>'  shift 97
	'<'  shift 98
	'+'  shift 99
	'-'  shift 100
	'*'  shift 101
	'/'  shift 102
	'%'  shift 103
	'['  shift 104
	'.'  shift 105
	.  error


state 68
	expresion : tipo . '(' expresion ')'  (32)

	'('  shift 106
	.  error


state 69
	lista_sentencias : lista_sentencias sentencia .  (35)

	.  reduce 35


state 70
	sentencia : sentencia_if .  (36)

	.  reduce 36


state 71
	sentencia : sentencia_else .  (37)

	.  reduce 37


state 72
	sentencia : sentencia_while .  (38)

	.  reduce 38


state 73
	sentencia : sentencia_write .  (39)

	.  reduce 39


state 74
	sentencia : sentencia_read .  (40)

	.  reduce 40


state 75
	sentencia : sentencia_asignacion .  (41)

	.  reduce 41


state 76
	sentencia : sentencia_return .  (42)

	.  reduce 42


state 77
	sentencia : sentencia_invocacion .  (43)

	.  reduce 43


state 78
	lista_variables : lista_variables . definicion_variable  (53)
	definicion_funcion : FUNC ID '(' lista_parametros ')' retorno '{' lista_variables . lista_sentencias '}'  (65)
	lista_sentencias : .  (34)

	VAR  shift 4
	CTE_ENTERA  reduce 34
	IF  reduce 34
	CTE_CARACTER  reduce 34
	ID  reduce 34
	ELSE  reduce 34
	WRITE  reduce 34
	CTE_REAL  reduce 34
	STRUCT  reduce 34
	WHILE  reduce 34
	FLOAT32  reduce 34
	INT  reduce 34
	RETURN  reduce 34
	CHAR  reduce 34
	READ  reduce 34
	'-'  reduce 34
	'!'  reduce 34
	'['  reduce 34
	'('  reduce 34
	'}'  reduce 34

	lista_sentencias  goto 107
	definicion_variable  goto 49


state 79
	expresion : ID .  (13)
	expresion : ID . '(' lista_expresiones ')'  (33)

	'('  shift 108
	DISTINTO  reduce 13
	MENOR_IGUAL  reduce 13
	MAYOR_IGUAL  reduce 13
	IGUAL_IGUAL  reduce 13
	AND  reduce 13
	OR  reduce 13
	'='  reduce 13
	'>'  reduce 13
	'<'  reduce 13
	'+'  reduce 13
	'-'  reduce 13
	'*'  reduce 13
	'/'  reduce 13
	'%'  reduce 13
	'['  reduce 13
	']'  reduce 13
	'.'  reduce 13
	')'  reduce 13
	'{'  reduce 13
	','  reduce 13
	';'  reduce 13


state 80
	expresion : expresion . '.' ID  (15)
	expresion : expresion . '[' expresion ']'  (16)
	expresion : expresion . '*' expresion  (19)
	expresion : expresion . '/' expresion  (20)
	expresion : expresion . '%' expresion  (21)
	expresion : expresion . '+' expresion  (22)
	expresion : expresion . '-' expresion  (23)
	expresion : expresion . '>' expresion  (24)
	expresion : expresion . MAYOR_IGUAL expresion  (25)
	expresion : expresion . '<' expresion  (26)
	expresion : expresion . MENOR_IGUAL expresion  (27)
	expresion : expresion . DISTINTO expresion  (28)
	expresion : expresion . IGUAL_IGUAL expresion  (29)
	expresion : expresion . AND expresion  (30)
	expresion : expresion . OR expresion  (31)
	sentencia_if : IF expresion . '{' lista_sentencias '}'  (45)

	DISTINTO  shift 90
	MENOR_IGUAL  shift 91
	MAYOR_IGUAL  shift 92
	IGUAL_IGUAL  shift 93
	AND  shift 94
	OR  shift 95
	'>'  shift 97
	'<'  shift 98
	'+'  shift 99
	'-'  shift 100
	'*'  shift 101
	'/'  shift 102
	'%'  shift 103
	'['  shift 104
	'.'  shift 105
	'{'  shift 109
	.  error


state 81
	expresion : ID '(' . lista_expresiones ')'  (33)
	sentencia_invocacion : ID '(' . lista_expresiones ')' ';'  (51)
	lista_expresiones : .  (6)

	CTE_ENTERA  shift 53
	CTE_CARACTER  shift 55
	ID  shift 79
	CTE_REAL  shift 59
	STRUCT  shift 14
	FLOAT32  shift 15
	INT  shift 16
	CHAR  shift 17
	'-'  shift 63
	'!'  shift 64
	'['  shift 18
	'('  shift 65
	')'  reduce 6

	lista_expresiones  goto 110
	lista_expresionesP  goto 111
	expresion  goto 112
	tipo  goto 68


state 82
	sentencia_else : ELSE '{' . lista_sentencias '}'  (46)
	lista_sentencias : .  (34)

	.  reduce 34

	lista_sentencias  goto 113


state 83
	sentencia_write : WRITE '(' . lista_expresiones ')' ';'  (48)
	lista_expresiones : .  (6)

	CTE_ENTERA  shift 53
	CTE_CARACTER  shift 55
	ID  shift 79
	CTE_REAL  shift 59
	STRUCT  shift 14
	FLOAT32  shift 15
	INT  shift 16
	CHAR  shift 17
	'-'  shift 63
	'!'  shift 64
	'['  shift 18
	'('  shift 65
	')'  reduce 6

	lista_expresiones  goto 114
	lista_expresionesP  goto 111
	expresion  goto 112
	tipo  goto 68


state 84
	expresion : expresion . '.' ID  (15)
	expresion : expresion . '[' expresion ']'  (16)
	expresion : expresion . '*' expresion  (19)
	expresion : expresion . '/' expresion  (20)
	expresion : expresion . '%' expresion  (21)
	expresion : expresion . '+' expresion  (22)
	expresion : expresion . '-' expresion  (23)
	expresion : expresion . '>' expresion  (24)
	expresion : expresion . MAYOR_IGUAL expresion  (25)
	expresion : expresion . '<' expresion  (26)
	expresion : expresion . MENOR_IGUAL expresion  (27)
	expresion : expresion . DISTINTO expresion  (28)
	expresion : expresion . IGUAL_IGUAL expresion  (29)
	expresion : expresion . AND expresion  (30)
	expresion : expresion . OR expresion  (31)
	sentencia_while : WHILE expresion . '{' lista_sentencias '}'  (47)

	DISTINTO  shift 90
	MENOR_IGUAL  shift 91
	MAYOR_IGUAL  shift 92
	IGUAL_IGUAL  shift 93
	AND  shift 94
	OR  shift 95
	'>'  shift 97
	'<'  shift 98
	'+'  shift 99
	'-'  shift 100
	'*'  shift 101
	'/'  shift 102
	'%'  shift 103
	'['  shift 104
	'.'  shift 105
	'{'  shift 115
	.  error


state 85
	expresion : expresion . '.' ID  (15)
	expresion : expresion . '[' expresion ']'  (16)
	expresion : expresion . '*' expresion  (19)
	expresion : expresion . '/' expresion  (20)
	expresion : expresion . '%' expresion  (21)
	expresion : expresion . '+' expresion  (22)
	expresion : expresion . '-' expresion  (23)
	expresion : expresion . '>' expresion  (24)
	expresion : expresion . MAYOR_IGUAL expresion  (25)
	expresion : expresion . '<' expresion  (26)
	expresion : expresion . MENOR_IGUAL expresion  (27)
	expresion : expresion . DISTINTO expresion  (28)
	expresion : expresion . IGUAL_IGUAL expresion  (29)
	expresion : expresion . AND expresion  (30)
	expresion : expresion . OR expresion  (31)
	sentencia_return : RETURN expresion . ';'  (50)

	DISTINTO  shift 90
	MENOR_IGUAL  shift 91
	MAYOR_IGUAL  shift 92
	IGUAL_IGUAL  shift 93
	AND  shift 94
	OR  shift 95
	'>'  shift 97
	'<'  shift 98
	'+'  shift 99
	'-'  shift 100
	'*'  shift 101
	'/'  shift 102
	'%'  shift 103
	'['  shift 104
	'.'  shift 105
	';'  shift 116
	.  error


state 86
	sentencia_read : READ '(' . lista_expresiones ')' ';'  (49)
	lista_expresiones : .  (6)

	CTE_ENTERA  shift 53
	CTE_CARACTER  shift 55
	ID  shift 79
	CTE_REAL  shift 59
	STRUCT  shift 14
	FLOAT32  shift 15
	INT  shift 16
	CHAR  shift 17
	'-'  shift 63
	'!'  shift 64
	'['  shift 18
	'('  shift 65
	')'  reduce 6

	lista_expresiones  goto 117
	lista_expresionesP  goto 111
	expresion  goto 112
	tipo  goto 68


state 87
	expresion : expresion . '.' ID  (15)
	expresion : expresion . '[' expresion ']'  (16)
	expresion : '-' expresion .  (17)
	expresion : expresion . '*' expresion  (19)
	expresion : expresion . '/' expresion  (20)
	expresion : expresion . '%' expresion  (21)
	expresion : expresion . '+' expresion  (22)
	expresion : expresion . '-' expresion  (23)
	expresion : expresion . '>' expresion  (24)
	expresion : expresion . MAYOR_IGUAL expresion  (25)
	expresion : expresion . '<' expresion  (26)
	expresion : expresion . MENOR_IGUAL expresion  (27)
	expresion : expresion . DISTINTO expresion  (28)
	expresion : expresion . IGUAL_IGUAL expresion  (29)
	expresion : expresion . AND expresion  (30)
	expresion : expresion . OR expresion  (31)

	'['  shift 104
	'.'  shift 105
	DISTINTO  reduce 17
	MENOR_IGUAL  reduce 17
	MAYOR_IGUAL  reduce 17
	IGUAL_IGUAL  reduce 17
	AND  reduce 17
	OR  reduce 17
	'='  reduce 17
	'>'  reduce 17
	'<'  reduce 17
	'+'  reduce 17
	'-'  reduce 17
	'*'  reduce 17
	'/'  reduce 17
	'%'  reduce 17
	']'  reduce 17
	')'  reduce 17
	'{'  reduce 17
	','  reduce 17
	';'  reduce 17


state 88
	expresion : expresion . '.' ID  (15)
	expresion : expresion . '[' expresion ']'  (16)
	expresion : '!' expresion .  (18)
	expresion : expresion . '*' expresion  (19)
	expresion : expresion . '/' expresion  (20)
	expresion : expresion . '%' expresion  (21)
	expresion : expresion . '+' expresion  (22)
	expresion : expresion . '-' expresion  (23)
	expresion : expresion . '>' expresion  (24)
	expresion : expresion . MAYOR_IGUAL expresion  (25)
	expresion : expresion . '<' expresion  (26)
	expresion : expresion . MENOR_IGUAL expresion  (27)
	expresion : expresion . DISTINTO expresion  (28)
	expresion : expresion . IGUAL_IGUAL expresion  (29)
	expresion : expresion . AND expresion  (30)
	expresion : expresion . OR expresion  (31)

	'['  shift 104
	'.'  shift 105
	DISTINTO  reduce 18
	MENOR_IGUAL  reduce 18
	MAYOR_IGUAL  reduce 18
	IGUAL_IGUAL  reduce 18
	AND  reduce 18
	OR  reduce 18
	'='  reduce 18
	'>'  reduce 18
	'<'  reduce 18
	'+'  reduce 18
	'-'  reduce 18
	'*'  reduce 18
	'/'  reduce 18
	'%'  reduce 18
	']'  reduce 18
	')'  reduce 18
	'{'  reduce 18
	','  reduce 18
	';'  reduce 18


state 89
	expresion : '(' expresion . ')'  (14)
	expresion : expresion . '.' ID  (15)
	expresion : expresion . '[' expresion ']'  (16)
	expresion : expresion . '*' expresion  (19)
	expresion : expresion . '/' expresion  (20)
	expresion : expresion . '%' expresion  (21)
	expresion : expresion . '+' expresion  (22)
	expresion : expresion . '-' expresion  (23)
	expresion : expresion . '>' expresion  (24)
	expresion : expresion . MAYOR_IGUAL expresion  (25)
	expresion : expresion . '<' expresion  (26)
	expresion : expresion . MENOR_IGUAL expresion  (27)
	expresion : expresion . DISTINTO expresion  (28)
	expresion : expresion . IGUAL_IGUAL expresion  (29)
	expresion : expresion . AND expresion  (30)
	expresion : expresion . OR expresion  (31)

	DISTINTO  shift 90
	MENOR_IGUAL  shift 91
	MAYOR_IGUAL  shift 92
	IGUAL_IGUAL  shift 93
	AND  shift 94
	OR  shift 95
	'>'  shift 97
	'<'  shift 98
	'+'  shift 99
	'-'  shift 100
	'*'  shift 101
	'/'  shift 102
	'%'  shift 103
	'['  shift 104
	'.'  shift 105
	')'  shift 118
	.  error


state 90
	expresion : expresion DISTINTO . expresion  (28)

	CTE_ENTERA  shift 53
	CTE_CARACTER  shift 55
	ID  shift 79
	CTE_REAL  shift 59
	STRUCT  shift 14
	FLOAT32  shift 15
	INT  shift 16
	CHAR  shift 17
	'-'  shift 63
	'!'  shift 64
	'['  shift 18
	'('  shift 65
	.  error

	expresion  goto 119
	tipo  goto 68


state 91
	expresion : expresion MENOR_IGUAL . expresion  (27)

	CTE_ENTERA  shift 53
	CTE_CARACTER  shift 55
	ID  shift 79
	CTE_REAL  shift 59
	STRUCT  shift 14
	FLOAT32  shift 15
	INT  shift 16
	CHAR  shift 17
	'-'  shift 63
	'!'  shift 64
	'['  shift 18
	'('  shift 65
	.  error

	expresion  goto 120
	tipo  goto 68


state 92
	expresion : expresion MAYOR_IGUAL . expresion  (25)

	CTE_ENTERA  shift 53
	CTE_CARACTER  shift 55
	ID  shift 79
	CTE_REAL  shift 59
	STRUCT  shift 14
	FLOAT32  shift 15
	INT  shift 16
	CHAR  shift 17
	'-'  shift 63
	'!'  shift 64
	'['  shift 18
	'('  shift 65
	.  error

	expresion  goto 121
	tipo  goto 68


state 93
	expresion : expresion IGUAL_IGUAL . expresion  (29)

	CTE_ENTERA  shift 53
	CTE_CARACTER  shift 55
	ID  shift 79
	CTE_REAL  shift 59
	STRUCT  shift 14
	FLOAT32  shift 15
	INT  shift 16
	CHAR  shift 17
	'-'  shift 63
	'!'  shift 64
	'['  shift 18
	'('  shift 65
	.  error

	expresion  goto 122
	tipo  goto 68


state 94
	expresion : expresion AND . expresion  (30)

	CTE_ENTERA  shift 53
	CTE_CARACTER  shift 55
	ID  shift 79
	CTE_REAL  shift 59
	STRUCT  shift 14
	FLOAT32  shift 15
	INT  shift 16
	CHAR  shift 17
	'-'  shift 63
	'!'  shift 64
	'['  shift 18
	'('  shift 65
	.  error

	expresion  goto 123
	tipo  goto 68


state 95
	expresion : expresion OR . expresion  (31)

	CTE_ENTERA  shift 53
	CTE_CARACTER  shift 55
	ID  shift 79
	CTE_REAL  shift 59
	STRUCT  shift 14
	FLOAT32  shift 15
	INT  shift 16
	CHAR  shift 17
	'-'  shift 63
	'!'  shift 64
	'['  shift 18
	'('  shift 65
	.  error

	expresion  goto 124
	tipo  goto 68


state 96
	sentencia_asignacion : expresion '=' . expresion ';'  (44)

	CTE_ENTERA  shift 53
	CTE_CARACTER  shift 55
	ID  shift 79
	CTE_REAL  shift 59
	STRUCT  shift 14
	FLOAT32  shift 15
	INT  shift 16
	CHAR  shift 17
	'-'  shift 63
	'!'  shift 64
	'['  shift 18
	'('  shift 65
	.  error

	expresion  goto 125
	tipo  goto 68


state 97
	expresion : expresion '>' . expresion  (24)

	CTE_ENTERA  shift 53
	CTE_CARACTER  shift 55
	ID  shift 79
	CTE_REAL  shift 59
	STRUCT  shift 14
	FLOAT32  shift 15
	INT  shift 16
	CHAR  shift 17
	'-'  shift 63
	'!'  shift 64
	'['  shift 18
	'('  shift 65
	.  error

	expresion  goto 126
	tipo  goto 68


state 98
	expresion : expresion '<' . expresion  (26)

	CTE_ENTERA  shift 53
	CTE_CARACTER  shift 55
	ID  shift 79
	CTE_REAL  shift 59
	STRUCT  shift 14
	FLOAT32  shift 15
	INT  shift 16
	CHAR  shift 17
	'-'  shift 63
	'!'  shift 64
	'['  shift 18
	'('  shift 65
	.  error

	expresion  goto 127
	tipo  goto 68


state 99
	expresion : expresion '+' . expresion  (22)

	CTE_ENTERA  shift 53
	CTE_CARACTER  shift 55
	ID  shift 79
	CTE_REAL  shift 59
	STRUCT  shift 14
	FLOAT32  shift 15
	INT  shift 16
	CHAR  shift 17
	'-'  shift 63
	'!'  shift 64
	'['  shift 18
	'('  shift 65
	.  error

	expresion  goto 128
	tipo  goto 68


state 100
	expresion : expresion '-' . expresion  (23)

	CTE_ENTERA  shift 53
	CTE_CARACTER  shift 55
	ID  shift 79
	CTE_REAL  shift 59
	STRUCT  shift 14
	FLOAT32  shift 15
	INT  shift 16
	CHAR  shift 17
	'-'  shift 63
	'!'  shift 64
	'['  shift 18
	'('  shift 65
	.  error

	expresion  goto 129
	tipo  goto 68


state 101
	expresion : expresion '*' . expresion  (19)

	CTE_ENTERA  shift 53
	CTE_CARACTER  shift 55
	ID  shift 79
	CTE_REAL  shift 59
	STRUCT  shift 14
	FLOAT32  shift 15
	INT  shift 16
	CHAR  shift 17
	'-'  shift 63
	'!'  shift 64
	'['  shift 18
	'('  shift 65
	.  error

	expresion  goto 130
	tipo  goto 68


state 102
	expresion : expresion '/' . expresion  (20)

	CTE_ENTERA  shift 53
	CTE_CARACTER  shift 55
	ID  shift 79
	CTE_REAL  shift 59
	STRUCT  shift 14
	FLOAT32  shift 15
	INT  shift 16
	CHAR  shift 17
	'-'  shift 63
	'!'  shift 64
	'['  shift 18
	'('  shift 65
	.  error

	expresion  goto 131
	tipo  goto 68


state 103
	expresion : expresion '%' . expresion  (21)

	CTE_ENTERA  shift 53
	CTE_CARACTER  shift 55
	ID  shift 79
	CTE_REAL  shift 59
	STRUCT  shift 14
	FLOAT32  shift 15
	INT  shift 16
	CHAR  shift 17
	'-'  shift 63
	'!'  shift 64
	'['  shift 18
	'('  shift 65
	.  error

	expresion  goto 132
	tipo  goto 68


state 104
	expresion : expresion '[' . expresion ']'  (16)

	CTE_ENTERA  shift 53
	CTE_CARACTER  shift 55
	ID  shift 79
	CTE_REAL  shift 59
	STRUCT  shift 14
	FLOAT32  shift 15
	INT  shift 16
	CHAR  shift 17
	'-'  shift 63
	'!'  shift 64
	'['  shift 18
	'('  shift 65
	.  error

	expresion  goto 133
	tipo  goto 68


state 105
	expresion : expresion '.' . ID  (15)

	ID  shift 134
	.  error


state 106
	expresion : tipo '(' . expresion ')'  (32)

	CTE_ENTERA  shift 53
	CTE_CARACTER  shift 55
	ID  shift 79
	CTE_REAL  shift 59
	STRUCT  shift 14
	FLOAT32  shift 15
	INT  shift 16
	CHAR  shift 17
	'-'  shift 63
	'!'  shift 64
	'['  shift 18
	'('  shift 65
	.  error

	expresion  goto 135
	tipo  goto 68


state 107
	lista_sentencias : lista_sentencias . sentencia  (35)
	definicion_funcion : FUNC ID '(' lista_parametros ')' retorno '{' lista_variables lista_sentencias . '}'  (65)

	CTE_ENTERA  shift 53
	IF  shift 54
	CTE_CARACTER  shift 55
	ID  shift 56
	ELSE  shift 57
	WRITE  shift 58
	CTE_REAL  shift 59
	STRUCT  shift 14
	WHILE  shift 60
	FLOAT32  shift 15
	INT  shift 16
	RETURN  shift 61
	CHAR  shift 17
	READ  shift 62
	'-'  shift 63
	'!'  shift 64
	'['  shift 18
	'('  shift 65
	'}'  shift 136
	.  error

	expresion  goto 67
	tipo  goto 68
	sentencia  goto 69
	sentencia_if  goto 70
	sentencia_else  goto 71
	sentencia_while  goto 72
	sentencia_write  goto 73
	sentencia_read  goto 74
	sentencia_asignacion  goto 75
	sentencia_return  goto 76
	sentencia_invocacion  goto 77


state 108
	expresion : ID '(' . lista_expresiones ')'  (33)
	lista_expresiones : .  (6)

	CTE_ENTERA  shift 53
	CTE_CARACTER  shift 55
	ID  shift 79
	CTE_REAL  shift 59
	STRUCT  shift 14
	FLOAT32  shift 15
	INT  shift 16
	CHAR  shift 17
	'-'  shift 63
	'!'  shift 64
	'['  shift 18
	'('  shift 65
	')'  reduce 6

	lista_expresiones  goto 137
	lista_expresionesP  goto 111
	expresion  goto 112
	tipo  goto 68


state 109
	sentencia_if : IF expresion '{' . lista_sentencias '}'  (45)
	lista_sentencias : .  (34)

	.  reduce 34

	lista_sentencias  goto 138


state 110
	expresion : ID '(' lista_expresiones . ')'  (33)
	sentencia_invocacion : ID '(' lista_expresiones . ')' ';'  (51)

	')'  shift 139
	.  error


state 111
	lista_expresiones : lista_expresionesP .  (7)
	lista_expresionesP : lista_expresionesP . ',' expresion  (9)

	','  shift 140
	')'  reduce 7


state 112
	lista_expresionesP : expresion .  (8)
	expresion : expresion . '.' ID  (15)
	expresion : expresion . '[' expresion ']'  (16)
	expresion : expresion . '*' expresion  (19)
	expresion : expresion . '/' expresion  (20)
	expresion : expresion . '%' expresion  (21)
	expresion : expresion . '+' expresion  (22)
	expresion : expresion . '-' expresion  (23)
	expresion : expresion . '>' expresion  (24)
	expresion : expresion . MAYOR_IGUAL expresion  (25)
	expresion : expresion . '<' expresion  (26)
	expresion : expresion . MENOR_IGUAL expresion  (27)
	expresion : expresion . DISTINTO expresion  (28)
	expresion : expresion . IGUAL_IGUAL expresion  (29)
	expresion : expresion . AND expresion  (30)
	expresion : expresion . OR expresion  (31)

	DISTINTO  shift 90
	MENOR_IGUAL  shift 91
	MAYOR_IGUAL  shift 92
	IGUAL_IGUAL  shift 93
	AND  shift 94
	OR  shift 95
	'>'  shift 97
	'<'  shift 98
	'+'  shift 99
	'-'  shift 100
	'*'  shift 101
	'/'  shift 102
	'%'  shift 103
	'['  shift 104
	'.'  shift 105
	')'  reduce 8
	','  reduce 8


state 113
	lista_sentencias : lista_sentencias . sentencia  (35)
	sentencia_else : ELSE '{' lista_sentencias . '}'  (46)

	CTE_ENTERA  shift 53
	IF  shift 54
	CTE_CARACTER  shift 55
	ID  shift 56
	ELSE  shift 57
	WRITE  shift 58
	CTE_REAL  shift 59
	STRUCT  shift 14
	WHILE  shift 60
	FLOAT32  shift 15
	INT  shift 16
	RETURN  shift 61
	CHAR  shift 17
	READ  shift 62
	'-'  shift 63
	'!'  shift 64
	'['  shift 18
	'('  shift 65
	'}'  shift 141
	.  error

	expresion  goto 67
	tipo  goto 68
	sentencia  goto 69
	sentencia_if  goto 70
	sentencia_else  goto 71
	sentencia_while  goto 72
	sentencia_write  goto 73
	sentencia_read  goto 74
	sentencia_asignacion  goto 75
	sentencia_return  goto 76
	sentencia_invocacion  goto 77


state 114
	sentencia_write : WRITE '(' lista_expresiones . ')' ';'  (48)

	')'  shift 142
	.  error


state 115
	sentencia_while : WHILE expresion '{' . lista_sentencias '}'  (47)
	lista_sentencias : .  (34)

	.  reduce 34

	lista_sentencias  goto 143


state 116
	sentencia_return : RETURN expresion ';' .  (50)

	.  reduce 50


state 117
	sentencia_read : READ '(' lista_expresiones . ')' ';'  (49)

	')'  shift 144
	.  error


state 118
	expresion : '(' expresion ')' .  (14)

	.  reduce 14


state 119
	expresion : expresion . '.' ID  (15)
	expresion : expresion . '[' expresion ']'  (16)
	expresion : expresion . '*' expresion  (19)
	expresion : expresion . '/' expresion  (20)
	expresion : expresion . '%' expresion  (21)
	expresion : expresion . '+' expresion  (22)
	expresion : expresion . '-' expresion  (23)
	expresion : expresion . '>' expresion  (24)
	expresion : expresion . MAYOR_IGUAL expresion  (25)
	expresion : expresion . '<' expresion  (26)
	expresion : expresion . MENOR_IGUAL expresion  (27)
	expresion : expresion . DISTINTO expresion  (28)
	expresion : expresion DISTINTO expresion .  (28)
	expresion : expresion . IGUAL_IGUAL expresion  (29)
	expresion : expresion . AND expresion  (30)
	expresion : expresion . OR expresion  (31)

	'+'  shift 99
	'-'  shift 100
	'*'  shift 101
	'/'  shift 102
	'%'  shift 103
	'['  shift 104
	'.'  shift 105
	DISTINTO  reduce 28
	MENOR_IGUAL  reduce 28
	MAYOR_IGUAL  reduce 28
	IGUAL_IGUAL  reduce 28
	AND  reduce 28
	OR  reduce 28
	'='  reduce 28
	'>'  reduce 28
	'<'  reduce 28
	']'  reduce 28
	')'  reduce 28
	'{'  reduce 28
	','  reduce 28
	';'  reduce 28


state 120
	expresion : expresion . '.' ID  (15)
	expresion : expresion . '[' expresion ']'  (16)
	expresion : expresion . '*' expresion  (19)
	expresion : expresion . '/' expresion  (20)
	expresion : expresion . '%' expresion  (21)
	expresion : expresion . '+' expresion  (22)
	expresion : expresion . '-' expresion  (23)
	expresion : expresion . '>' expresion  (24)
	expresion : expresion . MAYOR_IGUAL expresion  (25)
	expresion : expresion . '<' expresion  (26)
	expresion : expresion . MENOR_IGUAL expresion  (27)
	expresion : expresion MENOR_IGUAL expresion .  (27)
	expresion : expresion . DISTINTO expresion  (28)
	expresion : expresion . IGUAL_IGUAL expresion  (29)
	expresion : expresion . AND expresion  (30)
	expresion : expresion . OR expresion  (31)

	'+'  shift 99
	'-'  shift 100
	'*'  shift 101
	'/'  shift 102
	'%'  shift 103
	'['  shift 104
	'.'  shift 105
	DISTINTO  reduce 27
	MENOR_IGUAL  reduce 27
	MAYOR_IGUAL  reduce 27
	IGUAL_IGUAL  reduce 27
	AND  reduce 27
	OR  reduce 27
	'='  reduce 27
	'>'  reduce 27
	'<'  reduce 27
	']'  reduce 27
	')'  reduce 27
	'{'  reduce 27
	','  reduce 27
	';'  reduce 27


state 121
	expresion : expresion . '.' ID  (15)
	expresion : expresion . '[' expresion ']'  (16)
	expresion : expresion . '*' expresion  (19)
	expresion : expresion . '/' expresion  (20)
	expresion : expresion . '%' expresion  (21)
	expresion : expresion . '+' expresion  (22)
	expresion : expresion . '-' expresion  (23)
	expresion : expresion . '>' expresion  (24)
	expresion : expresion . MAYOR_IGUAL expresion  (25)
	expresion : expresion MAYOR_IGUAL expresion .  (25)
	expresion : expresion . '<' expresion  (26)
	expresion : expresion . MENOR_IGUAL expresion  (27)
	expresion : expresion . DISTINTO expresion  (28)
	expresion : expresion . IGUAL_IGUAL expresion  (29)
	expresion : expresion . AND expresion  (30)
	expresion : expresion . OR expresion  (31)

	'+'  shift 99
	'-'  shift 100
	'*'  shift 101
	'/'  shift 102
	'%'  shift 103
	'['  shift 104
	'.'  shift 105
	DISTINTO  reduce 25
	MENOR_IGUAL  reduce 25
	MAYOR_IGUAL  reduce 25
	IGUAL_IGUAL  reduce 25
	AND  reduce 25
	OR  reduce 25
	'='  reduce 25
	'>'  reduce 25
	'<'  reduce 25
	']'  reduce 25
	')'  reduce 25
	'{'  reduce 25
	','  reduce 25
	';'  reduce 25


state 122
	expresion : expresion . '.' ID  (15)
	expresion : expresion . '[' expresion ']'  (16)
	expresion : expresion . '*' expresion  (19)
	expresion : expresion . '/' expresion  (20)
	expresion : expresion . '%' expresion  (21)
	expresion : expresion . '+' expresion  (22)
	expresion : expresion . '-' expresion  (23)
	expresion : expresion . '>' expresion  (24)
	expresion : expresion . MAYOR_IGUAL expresion  (25)
	expresion : expresion . '<' expresion  (26)
	expresion : expresion . MENOR_IGUAL expresion  (27)
	expresion : expresion . DISTINTO expresion  (28)
	expresion : expresion . IGUAL_IGUAL expresion  (29)
	expresion : expresion IGUAL_IGUAL expresion .  (29)
	expresion : expresion . AND expresion  (30)
	expresion : expresion . OR expresion  (31)

	'+'  shift 99
	'-'  shift 100
	'*'  shift 101
	'/'  shift 102
	'%'  shift 103
	'['  shift 104
	'.'  shift 105
	DISTINTO  reduce 29
	MENOR_IGUAL  reduce 29
	MAYOR_IGUAL  reduce 29
	IGUAL_IGUAL  reduce 29
	AND  reduce 29
	OR  reduce 29
	'='  reduce 29
	'>'  reduce 29
	'<'  reduce 29
	']'  reduce 29
	')'  reduce 29
	'{'  reduce 29
	','  reduce 29
	';'  reduce 29


state 123
	expresion : expresion . '.' ID  (15)
	expresion : expresion . '[' expresion ']'  (16)
	expresion : expresion . '*' expresion  (19)
	expresion : expresion . '/' expresion  (20)
	expresion : expresion . '%' expresion  (21)
	expresion : expresion . '+' expresion  (22)
	expresion : expresion . '-' expresion  (23)
	expresion : expresion . '>' expresion  (24)
	expresion : expresion . MAYOR_IGUAL expresion  (25)
	expresion : expresion . '<' expresion  (26)
	expresion : expresion . MENOR_IGUAL expresion  (27)
	expresion : expresion . DISTINTO expresion  (28)
	expresion : expresion . IGUAL_IGUAL expresion  (29)
	expresion : expresion . AND expresion  (30)
	expresion : expresion AND expresion .  (30)
	expresion : expresion . OR expresion  (31)

	DISTINTO  shift 90
	MENOR_IGUAL  shift 91
	MAYOR_IGUAL  shift 92
	IGUAL_IGUAL  shift 93
	'>'  shift 97
	'<'  shift 98
	'+'  shift 99
	'-'  shift 100
	'*'  shift 101
	'/'  shift 102
	'%'  shift 103
	'['  shift 104
	'.'  shift 105
	AND  reduce 30
	OR  reduce 30
	'='  reduce 30
	']'  reduce 30
	')'  reduce 30
	'{'  reduce 30
	','  reduce 30
	';'  reduce 30


state 124
	expresion : expresion . '.' ID  (15)
	expresion : expresion . '[' expresion ']'  (16)
	expresion : expresion . '*' expresion  (19)
	expresion : expresion . '/' expresion  (20)
	expresion : expresion . '%' expresion  (21)
	expresion : expresion . '+' expresion  (22)
	expresion : expresion . '-' expresion  (23)
	expresion : expresion . '>' expresion  (24)
	expresion : expresion . MAYOR_IGUAL expresion  (25)
	expresion : expresion . '<' expresion  (26)
	expresion : expresion . MENOR_IGUAL expresion  (27)
	expresion : expresion . DISTINTO expresion  (28)
	expresion : expresion . IGUAL_IGUAL expresion  (29)
	expresion : expresion . AND expresion  (30)
	expresion : expresion . OR expresion  (31)
	expresion : expresion OR expresion .  (31)

	DISTINTO  shift 90
	MENOR_IGUAL  shift 91
	MAYOR_IGUAL  shift 92
	IGUAL_IGUAL  shift 93
	'>'  shift 97
	'<'  shift 98
	'+'  shift 99
	'-'  shift 100
	'*'  shift 101
	'/'  shift 102
	'%'  shift 103
	'['  shift 104
	'.'  shift 105
	AND  reduce 31
	OR  reduce 31
	'='  reduce 31
	']'  reduce 31
	')'  reduce 31
	'{'  reduce 31
	','  reduce 31
	';'  reduce 31


state 125
	expresion : expresion . '.' ID  (15)
	expresion : expresion . '[' expresion ']'  (16)
	expresion : expresion . '*' expresion  (19)
	expresion : expresion . '/' expresion  (20)
	expresion : expresion . '%' expresion  (21)
	expresion : expresion . '+' expresion  (22)
	expresion : expresion . '-' expresion  (23)
	expresion : expresion . '>' expresion  (24)
	expresion : expresion . MAYOR_IGUAL expresion  (25)
	expresion : expresion . '<' expresion  (26)
	expresion : expresion . MENOR_IGUAL expresion  (27)
	expresion : expresion . DISTINTO expresion  (28)
	expresion : expresion . IGUAL_IGUAL expresion  (29)
	expresion : expresion . AND expresion  (30)
	expresion : expresion . OR expresion  (31)
	sentencia_asignacion : expresion '=' expresion . ';'  (44)

	DISTINTO  shift 90
	MENOR_IGUAL  shift 91
	MAYOR_IGUAL  shift 92
	IGUAL_IGUAL  shift 93
	AND  shift 94
	OR  shift 95
	'>'  shift 97
	'<'  shift 98
	'+'  shift 99
	'-'  shift 100
	'*'  shift 101
	'/'  shift 102
	'%'  shift 103
	'['  shift 104
	'.'  shift 105
	';'  shift 145
	.  error


state 126
	expresion : expresion . '.' ID  (15)
	expresion : expresion . '[' expresion ']'  (16)
	expresion : expresion . '*' expresion  (19)
	expresion : expresion . '/' expresion  (20)
	expresion : expresion . '%' expresion  (21)
	expresion : expresion . '+' expresion  (22)
	expresion : expresion . '-' expresion  (23)
	expresion : expresion . '>' expresion  (24)
	expresion : expresion '>' expresion .  (24)
	expresion : expresion . MAYOR_IGUAL expresion  (25)
	expresion : expresion . '<' expresion  (26)
	expresion : expresion . MENOR_IGUAL expresion  (27)
	expresion : expresion . DISTINTO expresion  (28)
	expresion : expresion . IGUAL_IGUAL expresion  (29)
	expresion : expresion . AND expresion  (30)
	expresion : expresion . OR expresion  (31)

	'+'  shift 99
	'-'  shift 100
	'*'  shift 101
	'/'  shift 102
	'%'  shift 103
	'['  shift 104
	'.'  shift 105
	DISTINTO  reduce 24
	MENOR_IGUAL  reduce 24
	MAYOR_IGUAL  reduce 24
	IGUAL_IGUAL  reduce 24
	AND  reduce 24
	OR  reduce 24
	'='  reduce 24
	'>'  reduce 24
	'<'  reduce 24
	']'  reduce 24
	')'  reduce 24
	'{'  reduce 24
	','  reduce 24
	';'  reduce 24


state 127
	expresion : expresion . '.' ID  (15)
	expresion : expresion . '[' expresion ']'  (16)
	expresion : expresion . '*' expresion  (19)
	expresion : expresion . '/' expresion  (20)
	expresion : expresion . '%' expresion  (21)
	expresion : expresion . '+' expresion  (22)
	expresion : expresion . '-' expresion  (23)
	expresion : expresion . '>' expresion  (24)
	expresion : expresion . MAYOR_IGUAL expresion  (25)
	expresion : expresion . '<' expresion  (26)
	expresion : expresion '<' expresion .  (26)
	expresion : expresion . MENOR_IGUAL expresion  (27)
	expresion : expresion . DISTINTO expresion  (28)
	expresion : expresion . IGUAL_IGUAL expresion  (29)
	expresion : expresion . AND expresion  (30)
	expresion : expresion . OR expresion  (31)

	'+'  shift 99
	'-'  shift 100
	'*'  shift 101
	'/'  shift 102
	'%'  shift 103
	'['  shift 104
	'.'  shift 105
	DISTINTO  reduce 26
	MENOR_IGUAL  reduce 26
	MAYOR_IGUAL  reduce 26
	IGUAL_IGUAL  reduce 26
	AND  reduce 26
	OR  reduce 26
	'='  reduce 26
	'>'  reduce 26
	'<'  reduce 26
	']'  reduce 26
	')'  reduce 26
	'{'  reduce 26
	','  reduce 26
	';'  reduce 26


state 128
	expresion : expresion . '.' ID  (15)
	expresion : expresion . '[' expresion ']'  (16)
	expresion : expresion . '*' expresion  (19)
	expresion : expresion . '/' expresion  (20)
	expresion : expresion . '%' expresion  (21)
	expresion : expresion . '+' expresion  (22)
	expresion : expresion '+' expresion .  (22)
	expresion : expresion . '-' expresion  (23)
	expresion : expresion . '>' expresion  (24)
	expresion : expresion . MAYOR_IGUAL expresion  (25)
	expresion : expresion . '<' expresion  (26)
	expresion : expresion . MENOR_IGUAL expresion  (27)
	expresion : expresion . DISTINTO expresion  (28)
	expresion : expresion . IGUAL_IGUAL expresion  (29)
	expresion : expresion . AND expresion  (30)
	expresion : expresion . OR expresion  (31)

	'*'  shift 101
	'/'  shift 102
	'%'  shift 103
	'['  shift 104
	'.'  shift 105
	DISTINTO  reduce 22
	MENOR_IGUAL  reduce 22
	MAYOR_IGUAL  reduce 22
	IGUAL_IGUAL  reduce 22
	AND  reduce 22
	OR  reduce 22
	'='  reduce 22
	'>'  reduce 22
	'<'  reduce 22
	'+'  reduce 22
	'-'  reduce 22
	']'  reduce 22
	')'  reduce 22
	'{'  reduce 22
	','  reduce 22
	';'  reduce 22


state 129
	expresion : expresion . '.' ID  (15)
	expresion : expresion . '[' expresion ']'  (16)
	expresion : expresion . '*' expresion  (19)
	expresion : expresion . '/' expresion  (20)
	expresion : expresion . '%' expresion  (21)
	expresion : expresion . '+' expresion  (22)
	expresion : expresion . '-' expresion  (23)
	expresion : expresion '-' expresion .  (23)
	expresion : expresion . '>' expresion  (24)
	expresion : expresion . MAYOR_IGUAL expresion  (25)
	expresion : expresion . '<' expresion  (26)
	expresion : expresion . MENOR_IGUAL expresion  (27)
	expresion : expresion . DISTINTO expresion  (28)
	expresion : expresion . IGUAL_IGUAL expresion  (29)
	expresion : expresion . AND expresion  (30)
	expresion : expresion . OR expresion  (31)

	'*'  shift 101
	'/'  shift 102
	'%'  shift 103
	'['  shift 104
	'.'  shift 105
	DISTINTO  reduce 23
	MENOR_IGUAL  reduce 23
	MAYOR_IGUAL  reduce 23
	IGUAL_IGUAL  reduce 23
	AND  reduce 23
	OR  reduce 23
	'='  reduce 23
	'>'  reduce 23
	'<'  reduce 23
	'+'  reduce 23
	'-'  reduce 23
	']'  reduce 23
	')'  reduce 23
	'{'  reduce 23
	','  reduce 23
	';'  reduce 23


state 130
	expresion : expresion . '.' ID  (15)
	expresion : expresion . '[' expresion ']'  (16)
	expresion : expresion . '*' expresion  (19)
	expresion : expresion '*' expresion .  (19)
	expresion : expresion . '/' expresion  (20)
	expresion : expresion . '%' expresion  (21)
	expresion : expresion . '+' expresion  (22)
	expresion : expresion . '-' expresion  (23)
	expresion : expresion . '>' expresion  (24)
	expresion : expresion . MAYOR_IGUAL expresion  (25)
	expresion : expresion . '<' expresion  (26)
	expresion : expresion . MENOR_IGUAL expresion  (27)
	expresion : expresion . DISTINTO expresion  (28)
	expresion : expresion . IGUAL_IGUAL expresion  (29)
	expresion : expresion . AND expresion  (30)
	expresion : expresion . OR expresion  (31)

	'['  shift 104
	'.'  shift 105
	DISTINTO  reduce 19
	MENOR_IGUAL  reduce 19
	MAYOR_IGUAL  reduce 19
	IGUAL_IGUAL  reduce 19
	AND  reduce 19
	OR  reduce 19
	'='  reduce 19
	'>'  reduce 19
	'<'  reduce 19
	'+'  reduce 19
	'-'  reduce 19
	'*'  reduce 19
	'/'  reduce 19
	'%'  reduce 19
	']'  reduce 19
	')'  reduce 19
	'{'  reduce 19
	','  reduce 19
	';'  reduce 19


state 131
	expresion : expresion . '.' ID  (15)
	expresion : expresion . '[' expresion ']'  (16)
	expresion : expresion . '*' expresion  (19)
	expresion : expresion . '/' expresion  (20)
	expresion : expresion '/' expresion .  (20)
	expresion : expresion . '%' expresion  (21)
	expresion : expresion . '+' expresion  (22)
	expresion : expresion . '-' expresion  (23)
	expresion : expresion . '>' expresion  (24)
	expresion : expresion . MAYOR_IGUAL expresion  (25)
	expresion : expresion . '<' expresion  (26)
	expresion : expresion . MENOR_IGUAL expresion  (27)
	expresion : expresion . DISTINTO expresion  (28)
	expresion : expresion . IGUAL_IGUAL expresion  (29)
	expresion : expresion . AND expresion  (30)
	expresion : expresion . OR expresion  (31)

	'['  shift 104
	'.'  shift 105
	DISTINTO  reduce 20
	MENOR_IGUAL  reduce 20
	MAYOR_IGUAL  reduce 20
	IGUAL_IGUAL  reduce 20
	AND  reduce 20
	OR  reduce 20
	'='  reduce 20
	'>'  reduce 20
	'<'  reduce 20
	'+'  reduce 20
	'-'  reduce 20
	'*'  reduce 20
	'/'  reduce 20
	'%'  reduce 20
	']'  reduce 20
	')'  reduce 20
	'{'  reduce 20
	','  reduce 20
	';'  reduce 20


state 132
	expresion : expresion . '.' ID  (15)
	expresion : expresion . '[' expresion ']'  (16)
	expresion : expresion . '*' expresion  (19)
	expresion : expresion . '/' expresion  (20)
	expresion : expresion . '%' expresion  (21)
	expresion : expresion '%' expresion .  (21)
	expresion : expresion . '+' expresion  (22)
	expresion : expresion . '-' expresion  (23)
	expresion : expresion . '>' expresion  (24)
	expresion : expresion . MAYOR_IGUAL expresion  (25)
	expresion : expresion . '<' expresion  (26)
	expresion : expresion . MENOR_IGUAL expresion  (27)
	expresion : expresion . DISTINTO expresion  (28)
	expresion : expresion . IGUAL_IGUAL expresion  (29)
	expresion : expresion . AND expresion  (30)
	expresion : expresion . OR expresion  (31)

	'['  shift 104
	'.'  shift 105
	DISTINTO  reduce 21
	MENOR_IGUAL  reduce 21
	MAYOR_IGUAL  reduce 21
	IGUAL_IGUAL  reduce 21
	AND  reduce 21
	OR  reduce 21
	'='  reduce 21
	'>'  reduce 21
	'<'  reduce 21
	'+'  reduce 21
	'-'  reduce 21
	'*'  reduce 21
	'/'  reduce 21
	'%'  reduce 21
	']'  reduce 21
	')'  reduce 21
	'{'  reduce 21
	','  reduce 21
	';'  reduce 21


state 133
	expresion : expresion . '.' ID  (15)
	expresion : expresion . '[' expresion ']'  (16)
	expresion : expresion '[' expresion . ']'  (16)
	expresion : expresion . '*' expresion  (19)
	expresion : expresion . '/' expresion  (20)
	expresion : expresion . '%' expresion  (21)
	expresion : expresion . '+' expresion  (22)
	expresion : expresion . '-' expresion  (23)
	expresion : expresion . '>' expresion  (24)
	expresion : expresion . MAYOR_IGUAL expresion  (25)
	expresion : expresion . '<' expresion  (26)
	expresion : expresion . MENOR_IGUAL expresion  (27)
	expresion : expresion . DISTINTO expresion  (28)
	expresion : expresion . IGUAL_IGUAL expresion  (29)
	expresion : expresion . AND expresion  (30)
	expresion : expresion . OR expresion  (31)

	DISTINTO  shift 90
	MENOR_IGUAL  shift 91
	MAYOR_IGUAL  shift 92
	IGUAL_IGUAL  shift 93
	AND  shift 94
	OR  shift 95
	'>'  shift 97
	'<'  shift 98
	'+'  shift 99
	'-'  shift 100
	'*'  shift 101
	'/'  shift 102
	'%'  shift 103
	'['  shift 104
	']'  shift 146
	'.'  shift 105
	.  error


state 134
	expresion : expresion '.' ID .  (15)

	.  reduce 15


state 135
	expresion : expresion . '.' ID  (15)
	expresion : expresion . '[' expresion ']'  (16)
	expresion : expresion . '*' expresion  (19)
	expresion : expresion . '/' expresion  (20)
	expresion : expresion . '%' expresion  (21)
	expresion : expresion . '+' expresion  (22)
	expresion : expresion . '-' expresion  (23)
	expresion : expresion . '>' expresion  (24)
	expresion : expresion . MAYOR_IGUAL expresion  (25)
	expresion : expresion . '<' expresion  (26)
	expresion : expresion . MENOR_IGUAL expresion  (27)
	expresion : expresion . DISTINTO expresion  (28)
	expresion : expresion . IGUAL_IGUAL expresion  (29)
	expresion : expresion . AND expresion  (30)
	expresion : expresion . OR expresion  (31)
	expresion : tipo '(' expresion . ')'  (32)

	DISTINTO  shift 90
	MENOR_IGUAL  shift 91
	MAYOR_IGUAL  shift 92
	IGUAL_IGUAL  shift 93
	AND  shift 94
	OR  shift 95
	'>'  shift 97
	'<'  shift 98
	'+'  shift 99
	'-'  shift 100
	'*'  shift 101
	'/'  shift 102
	'%'  shift 103
	'['  shift 104
	'.'  shift 105
	')'  shift 147
	.  error


state 136
	definicion_funcion : FUNC ID '(' lista_parametros ')' retorno '{' lista_variables lista_sentencias '}' .  (65)

	.  reduce 65


state 137
	expresion : ID '(' lista_expresiones . ')'  (33)

	')'  shift 148
	.  error


state 138
	lista_sentencias : lista_sentencias . sentencia  (35)
	sentencia_if : IF expresion '{' lista_sentencias . '}'  (45)

	CTE_ENTERA  shift 53
	IF  shift 54
	CTE_CARACTER  shift 55
	ID  shift 56
	ELSE  shift 57
	WRITE  shift 58
	CTE_REAL  shift 59
	STRUCT  shift 14
	WHILE  shift 60
	FLOAT32  shift 15
	INT  shift 16
	RETURN  shift 61
	CHAR  shift 17
	READ  shift 62
	'-'  shift 63
	'!'  shift 64
	'['  shift 18
	'('  shift 65
	'}'  shift 149
	.  error

	expresion  goto 67
	tipo  goto 68
	sentencia  goto 69
	sentencia_if  goto 70
	sentencia_else  goto 71
	sentencia_while  goto 72
	sentencia_write  goto 73
	sentencia_read  goto 74
	sentencia_asignacion  goto 75
	sentencia_return  goto 76
	sentencia_invocacion  goto 77


state 139
	expresion : ID '(' lista_expresiones ')' .  (33)
	sentencia_invocacion : ID '(' lista_expresiones ')' . ';'  (51)

	';'  shift 150
	DISTINTO  reduce 33
	MENOR_IGUAL  reduce 33
	MAYOR_IGUAL  reduce 33
	IGUAL_IGUAL  reduce 33
	AND  reduce 33
	OR  reduce 33
	'='  reduce 33
	'>'  reduce 33
	'<'  reduce 33
	'+'  reduce 33
	'-'  reduce 33
	'*'  reduce 33
	'/'  reduce 33
	'%'  reduce 33
	'['  reduce 33
	'.'  reduce 33


state 140
	lista_expresionesP : lista_expresionesP ',' . expresion  (9)

	CTE_ENTERA  shift 53
	CTE_CARACTER  shift 55
	ID  shift 79
	CTE_REAL  shift 59
	STRUCT  shift 14
	FLOAT32  shift 15
	INT  shift 16
	CHAR  shift 17
	'-'  shift 63
	'!'  shift 64
	'['  shift 18
	'('  shift 65
	.  error

	expresion  goto 151
	tipo  goto 68


state 141
	sentencia_else : ELSE '{' lista_sentencias '}' .  (46)

	.  reduce 46


state 142
	sentencia_write : WRITE '(' lista_expresiones ')' . ';'  (48)

	';'  shift 152
	.  error


state 143
	lista_sentencias : lista_sentencias . sentencia  (35)
	sentencia_while : WHILE expresion '{' lista_sentencias . '}'  (47)

	CTE_ENTERA  shift 53
	IF  shift 54
	CTE_CARACTER  shift 55
	ID  shift 56
	ELSE  shift 57
	WRITE  shift 58
	CTE_REAL  shift 59
	STRUCT  shift 14
	WHILE  shift 60
	FLOAT32  shift 15
	INT  shift 16
	RETURN  shift 61
	CHAR  shift 17
	READ  shift 62
	'-'  shift 63
	'!'  shift 64
	'['  shift 18
	'('  shift 65
	'}'  shift 153
	.  error

	expresion  goto 67
	tipo  goto 68
	sentencia  goto 69
	sentencia_if  goto 70
	sentencia_else  goto 71
	sentencia_while  goto 72
	sentencia_write  goto 73
	sentencia_read  goto 74
	sentencia_asignacion  goto 75
	sentencia_return  goto 76
	sentencia_invocacion  goto 77


state 144
	sentencia_read : READ '(' lista_expresiones ')' . ';'  (49)

	';'  shift 154
	.  error


state 145
	sentencia_asignacion : expresion '=' expresion ';' .  (44)

	.  reduce 44


state 146
	expresion : expresion '[' expresion ']' .  (16)

	.  reduce 16


state 147
	expresion : tipo '(' expresion ')' .  (32)

	.  reduce 32


state 148
	expresion : ID '(' lista_expresiones ')' .  (33)

	.  reduce 33


state 149
	sentencia_if : IF expresion '{' lista_sentencias '}' .  (45)

	.  reduce 45


state 150
	sentencia_invocacion : ID '(' lista_expresiones ')' ';' .  (51)

	.  reduce 51


state 151
	lista_expresionesP : lista_expresionesP ',' expresion .  (9)
	expresion : expresion . '.' ID  (15)
	expresion : expresion . '[' expresion ']'  (16)
	expresion : expresion . '*' expresion  (19)
	expresion : expresion . '/' expresion  (20)
	expresion : expresion . '%' expresion  (21)
	expresion : expresion . '+' expresion  (22)
	expresion : expresion . '-' expresion  (23)
	expresion : expresion . '>' expresion  (24)
	expresion : expresion . MAYOR_IGUAL expresion  (25)
	expresion : expresion . '<' expresion  (26)
	expresion : expresion . MENOR_IGUAL expresion  (27)
	expresion : expresion . DISTINTO expresion  (28)
	expresion : expresion . IGUAL_IGUAL expresion  (29)
	expresion : expresion . AND expresion  (30)
	expresion : expresion . OR expresion  (31)

	DISTINTO  shift 90
	MENOR_IGUAL  shift 91
	MAYOR_IGUAL  shift 92
	IGUAL_IGUAL  shift 93
	AND  shift 94
	OR  shift 95
	'>'  shift 97
	'<'  shift 98
	'+'  shift 99
	'-'  shift 100
	'*'  shift 101
	'/'  shift 102
	'%'  shift 103
	'['  shift 104
	'.'  shift 105
	')'  reduce 9
	','  reduce 9


state 152
	sentencia_write : WRITE '(' lista_expresiones ')' ';' .  (48)

	.  reduce 48


state 153
	sentencia_while : WHILE expresion '{' lista_sentencias '}' .  (47)

	.  reduce 47


state 154
	sentencia_read : READ '(' lista_expresiones ')' ';' .  (49)

	.  reduce 49


45 terminals, 28 nonterminals
75 grammar rules, 155 states
